2024-05-07 08:42:46.2194|WARN|Microsoft.AspNetCore.Server.Kestrel.Core.KestrelServer|The ASP.NET Core developer certificate is not trusted. For information about trusting the ASP.NET Core developer certificate, see https://aka.ms/aspnet/https-trust-dev-cert.
2024-05-07 08:42:46.3030|INFO|Microsoft.Hosting.Lifetime|Now listening on: https://localhost:7229
2024-05-07 08:42:46.3030|INFO|Microsoft.Hosting.Lifetime|Now listening on: http://localhost:5141
2024-05-07 08:42:46.3030|INFO|Microsoft.Hosting.Lifetime|Application started. Press Ctrl+C to shut down.
2024-05-07 08:42:46.3030|INFO|Microsoft.Hosting.Lifetime|Hosting environment: Development
2024-05-07 08:42:46.3030|INFO|Microsoft.Hosting.Lifetime|Content root path: C:\Code\WebAPI\FundooNotes\FundooNotes
2024-05-07 08:42:49.7051|INFO|Microsoft.AspNetCore.Hosting.Diagnostics|Request starting HTTP/2 GET https://localhost:7229/swagger - - -
2024-05-07 08:42:49.8705|INFO|Microsoft.AspNetCore.Hosting.Diagnostics|Request finished HTTP/2 GET https://localhost:7229/swagger - 301 0 - 174.0740ms
2024-05-07 08:42:49.8769|INFO|Microsoft.AspNetCore.Hosting.Diagnostics|Request starting HTTP/2 GET https://localhost:7229/swagger/index.html - - -
2024-05-07 08:42:49.9654|INFO|Microsoft.AspNetCore.Hosting.Diagnostics|Request finished HTTP/2 GET https://localhost:7229/swagger/index.html - 200 - text/html;charset=utf-8 88.5741ms
2024-05-07 08:42:49.9771|INFO|Microsoft.AspNetCore.Hosting.Diagnostics|Request starting HTTP/2 GET https://localhost:7229/swagger/swagger-ui.css - - -
2024-05-07 08:42:49.9771|INFO|Microsoft.AspNetCore.Hosting.Diagnostics|Request starting HTTP/2 GET https://localhost:7229/swagger/swagger-ui-bundle.js - - -
2024-05-07 08:42:49.9771|INFO|Microsoft.AspNetCore.Hosting.Diagnostics|Request starting HTTP/2 GET https://localhost:7229/swagger/swagger-ui-standalone-preset.js - - -
2024-05-07 08:42:49.9771|INFO|Microsoft.AspNetCore.Hosting.Diagnostics|Request starting HTTP/2 GET https://localhost:7229/_vs/browserLink - - -
2024-05-07 08:42:49.9771|INFO|Microsoft.AspNetCore.Hosting.Diagnostics|Request starting HTTP/2 GET https://localhost:7229/_framework/aspnetcore-browser-refresh.js - - -
2024-05-07 08:42:50.0019|INFO|Microsoft.AspNetCore.Hosting.Diagnostics|Request finished HTTP/2 GET https://localhost:7229/_framework/aspnetcore-browser-refresh.js - 200 13758 application/javascript;+charset=utf-8 20.2332ms
2024-05-07 08:42:50.0783|INFO|Microsoft.AspNetCore.StaticFiles.StaticFileMiddleware|Sending file. Request path: '/swagger-ui.css'. Physical path: 'N/A'
2024-05-07 08:42:50.0783|INFO|Microsoft.AspNetCore.StaticFiles.StaticFileMiddleware|Sending file. Request path: '/swagger-ui-standalone-preset.js'. Physical path: 'N/A'
2024-05-07 08:42:50.0783|INFO|Microsoft.AspNetCore.Hosting.Diagnostics|Request finished HTTP/2 GET https://localhost:7229/swagger/swagger-ui.css - 200 144929 text/css 107.5774ms
2024-05-07 08:42:50.0915|INFO|Microsoft.AspNetCore.Hosting.Diagnostics|Request finished HTTP/2 GET https://localhost:7229/swagger/swagger-ui-standalone-preset.js - 200 312163 text/javascript 110.2043ms
2024-05-07 08:44:01.5194|WARN|Microsoft.AspNetCore.Server.Kestrel.Core.KestrelServer|The ASP.NET Core developer certificate is not trusted. For information about trusting the ASP.NET Core developer certificate, see https://aka.ms/aspnet/https-trust-dev-cert.
2024-05-07 08:44:01.5903|INFO|Microsoft.Hosting.Lifetime|Now listening on: https://localhost:7229
2024-05-07 08:44:01.5903|INFO|Microsoft.Hosting.Lifetime|Now listening on: http://localhost:5141
2024-05-07 08:44:01.5903|INFO|Microsoft.Hosting.Lifetime|Application started. Press Ctrl+C to shut down.
2024-05-07 08:44:01.5903|INFO|Microsoft.Hosting.Lifetime|Hosting environment: Development
2024-05-07 08:44:01.5903|INFO|Microsoft.Hosting.Lifetime|Content root path: C:\Code\WebAPI\FundooNotes\FundooNotes
2024-05-07 08:44:02.2448|INFO|Microsoft.AspNetCore.Hosting.Diagnostics|Request starting HTTP/2 GET https://localhost:7229/swagger - - -
2024-05-07 08:44:02.3444|INFO|Microsoft.AspNetCore.Hosting.Diagnostics|Request finished HTTP/2 GET https://localhost:7229/swagger - 301 0 - 105.6052ms
2024-05-07 08:44:02.3444|INFO|Microsoft.AspNetCore.Hosting.Diagnostics|Request starting HTTP/2 GET https://localhost:7229/swagger/index.html - - -
2024-05-07 08:44:02.4219|INFO|Microsoft.AspNetCore.Hosting.Diagnostics|Request finished HTTP/2 GET https://localhost:7229/swagger/index.html - 200 - text/html;charset=utf-8 71.6643ms
2024-05-07 08:44:02.4315|INFO|Microsoft.AspNetCore.Hosting.Diagnostics|Request starting HTTP/2 GET https://localhost:7229/swagger/swagger-ui.css - - -
2024-05-07 08:44:02.4315|INFO|Microsoft.AspNetCore.Hosting.Diagnostics|Request starting HTTP/2 GET https://localhost:7229/swagger/swagger-ui-bundle.js - - -
2024-05-07 08:44:02.4315|INFO|Microsoft.AspNetCore.Hosting.Diagnostics|Request starting HTTP/2 GET https://localhost:7229/swagger/swagger-ui-standalone-preset.js - - -
2024-05-07 08:44:02.4315|INFO|Microsoft.AspNetCore.Hosting.Diagnostics|Request starting HTTP/2 GET https://localhost:7229/_framework/aspnetcore-browser-refresh.js - - -
2024-05-07 08:44:02.4315|INFO|Microsoft.AspNetCore.Hosting.Diagnostics|Request starting HTTP/2 GET https://localhost:7229/_vs/browserLink - - -
2024-05-07 08:44:02.4533|INFO|Microsoft.AspNetCore.Hosting.Diagnostics|Request finished HTTP/2 GET https://localhost:7229/_framework/aspnetcore-browser-refresh.js - 200 13758 application/javascript;+charset=utf-8 18.1296ms
2024-05-07 08:44:02.4777|INFO|Microsoft.AspNetCore.StaticFiles.StaticFileMiddleware|Sending file. Request path: '/swagger-ui.css'. Physical path: 'N/A'
2024-05-07 08:44:02.4777|INFO|Microsoft.AspNetCore.Hosting.Diagnostics|Request finished HTTP/2 GET https://localhost:7229/swagger/swagger-ui.css - 200 144929 text/css 49.6736ms
2024-05-07 08:44:02.4777|INFO|Microsoft.AspNetCore.StaticFiles.StaticFileMiddleware|Sending file. Request path: '/swagger-ui-standalone-preset.js'. Physical path: 'N/A'
2024-05-07 08:44:02.4777|INFO|Microsoft.AspNetCore.Hosting.Diagnostics|Request finished HTTP/2 GET https://localhost:7229/swagger/swagger-ui-standalone-preset.js - 200 312163 text/javascript 49.0347ms
2024-05-07 08:44:02.4985|INFO|Microsoft.AspNetCore.StaticFiles.StaticFileMiddleware|Sending file. Request path: '/swagger-ui-bundle.js'. Physical path: 'N/A'
2024-05-07 08:44:02.4985|INFO|Microsoft.AspNetCore.Hosting.Diagnostics|Request finished HTTP/2 GET https://localhost:7229/swagger/swagger-ui-bundle.js - 200 1061536 text/javascript 66.7695ms
2024-05-07 08:44:02.5136|INFO|Microsoft.AspNetCore.Hosting.Diagnostics|Request finished HTTP/2 GET https://localhost:7229/_vs/browserLink - 200 - text/javascript;+charset=UTF-8 78.0141ms
2024-05-07 08:44:02.6914|INFO|Microsoft.AspNetCore.Hosting.Diagnostics|Request starting HTTP/2 GET https://localhost:7229/swagger/v1/swagger.json - - -
2024-05-07 08:44:02.7784|INFO|Microsoft.AspNetCore.Hosting.Diagnostics|Request finished HTTP/2 GET https://localhost:7229/swagger/v1/swagger.json - 200 - application/json;charset=utf-8 87.2599ms
2024-05-07 08:44:45.1870|WARN|Microsoft.AspNetCore.Server.Kestrel.Core.KestrelServer|The ASP.NET Core developer certificate is not trusted. For information about trusting the ASP.NET Core developer certificate, see https://aka.ms/aspnet/https-trust-dev-cert.
2024-05-07 08:44:45.2681|INFO|Microsoft.Hosting.Lifetime|Now listening on: https://localhost:7229
2024-05-07 08:44:45.2681|INFO|Microsoft.Hosting.Lifetime|Now listening on: http://localhost:5141
2024-05-07 08:44:45.2681|INFO|Microsoft.Hosting.Lifetime|Application started. Press Ctrl+C to shut down.
2024-05-07 08:44:45.2681|INFO|Microsoft.Hosting.Lifetime|Hosting environment: Development
2024-05-07 08:44:45.2681|INFO|Microsoft.Hosting.Lifetime|Content root path: C:\Code\WebAPI\FundooNotes\FundooNotes
2024-05-07 08:44:45.7284|INFO|Microsoft.AspNetCore.Hosting.Diagnostics|Request starting HTTP/2 GET https://localhost:7229/swagger - - -
2024-05-07 08:44:45.8761|INFO|Microsoft.AspNetCore.Hosting.Diagnostics|Request finished HTTP/2 GET https://localhost:7229/swagger - 301 0 - 149.6943ms
2024-05-07 08:44:45.8761|INFO|Microsoft.AspNetCore.Hosting.Diagnostics|Request starting HTTP/2 GET https://localhost:7229/swagger/index.html - - -
2024-05-07 08:44:46.0016|INFO|Microsoft.AspNetCore.Hosting.Diagnostics|Request starting HTTP/2 GET https://localhost:7229/swagger/swagger-ui.css - - -
2024-05-07 08:44:46.0016|INFO|Microsoft.AspNetCore.Hosting.Diagnostics|Request starting HTTP/2 GET https://localhost:7229/swagger/swagger-ui-standalone-preset.js - - -
2024-05-07 08:44:46.0016|INFO|Microsoft.AspNetCore.Hosting.Diagnostics|Request starting HTTP/2 GET https://localhost:7229/swagger/swagger-ui-bundle.js - - -
2024-05-07 08:44:46.0016|INFO|Microsoft.AspNetCore.Hosting.Diagnostics|Request starting HTTP/2 GET https://localhost:7229/_framework/aspnetcore-browser-refresh.js - - -
2024-05-07 08:44:46.0016|INFO|Microsoft.AspNetCore.Hosting.Diagnostics|Request finished HTTP/2 GET https://localhost:7229/swagger/index.html - 200 - text/html;charset=utf-8 121.4312ms
2024-05-07 08:44:46.0131|INFO|Microsoft.AspNetCore.Hosting.Diagnostics|Request starting HTTP/2 GET https://localhost:7229/_vs/browserLink - - -
2024-05-07 08:44:46.0131|INFO|Microsoft.AspNetCore.Hosting.Diagnostics|Request finished HTTP/2 GET https://localhost:7229/_framework/aspnetcore-browser-refresh.js - 200 13758 application/javascript;+charset=utf-8 21.4286ms
2024-05-07 08:44:46.0547|INFO|Microsoft.AspNetCore.StaticFiles.StaticFileMiddleware|Sending file. Request path: '/swagger-ui.css'. Physical path: 'N/A'
2024-05-07 08:44:46.0547|INFO|Microsoft.AspNetCore.Hosting.Diagnostics|Request finished HTTP/2 GET https://localhost:7229/swagger/swagger-ui.css - 200 144929 text/css 53.7166ms
2024-05-07 08:44:46.0623|INFO|Microsoft.AspNetCore.StaticFiles.StaticFileMiddleware|Sending file. Request path: '/swagger-ui-standalone-preset.js'. Physical path: 'N/A'
2024-05-07 08:44:46.0623|INFO|Microsoft.AspNetCore.Hosting.Diagnostics|Request finished HTTP/2 GET https://localhost:7229/swagger/swagger-ui-standalone-preset.js - 200 312163 text/javascript 61.1190ms
2024-05-07 08:44:46.0819|INFO|Microsoft.AspNetCore.StaticFiles.StaticFileMiddleware|Sending file. Request path: '/swagger-ui-bundle.js'. Physical path: 'N/A'
2024-05-07 08:44:46.0819|INFO|Microsoft.AspNetCore.Hosting.Diagnostics|Request finished HTTP/2 GET https://localhost:7229/swagger/swagger-ui-bundle.js - 200 1061536 text/javascript 80.0102ms
2024-05-07 08:44:46.0999|INFO|Microsoft.AspNetCore.Hosting.Diagnostics|Request finished HTTP/2 GET https://localhost:7229/_vs/browserLink - 200 - text/javascript;+charset=UTF-8 88.2949ms
2024-05-07 08:44:46.2964|INFO|Microsoft.AspNetCore.Hosting.Diagnostics|Request starting HTTP/2 GET https://localhost:7229/swagger/v1/swagger.json - - -
2024-05-07 08:44:46.3882|INFO|Microsoft.AspNetCore.Hosting.Diagnostics|Request finished HTTP/2 GET https://localhost:7229/swagger/v1/swagger.json - 200 - application/json;charset=utf-8 92.0414ms
2024-05-07 08:45:06.7123|WARN|Microsoft.AspNetCore.Server.Kestrel.Core.KestrelServer|The ASP.NET Core developer certificate is not trusted. For information about trusting the ASP.NET Core developer certificate, see https://aka.ms/aspnet/https-trust-dev-cert.
2024-05-07 08:45:06.8098|INFO|Microsoft.Hosting.Lifetime|Now listening on: https://localhost:7229
2024-05-07 08:45:06.8098|INFO|Microsoft.Hosting.Lifetime|Now listening on: http://localhost:5141
2024-05-07 08:45:06.8098|INFO|Microsoft.Hosting.Lifetime|Application started. Press Ctrl+C to shut down.
2024-05-07 08:45:06.8098|INFO|Microsoft.Hosting.Lifetime|Hosting environment: Development
2024-05-07 08:45:06.8098|INFO|Microsoft.Hosting.Lifetime|Content root path: C:\Code\WebAPI\FundooNotes\FundooNotes
2024-05-07 08:45:07.3300|INFO|Microsoft.AspNetCore.Hosting.Diagnostics|Request starting HTTP/2 GET https://localhost:7229/swagger - - -
2024-05-07 08:45:07.4790|INFO|Microsoft.AspNetCore.Hosting.Diagnostics|Request finished HTTP/2 GET https://localhost:7229/swagger - 301 0 - 153.7869ms
2024-05-07 08:45:07.4790|INFO|Microsoft.AspNetCore.Hosting.Diagnostics|Request starting HTTP/2 GET https://localhost:7229/swagger/index.html - - -
2024-05-07 08:45:07.5558|INFO|Microsoft.AspNetCore.Hosting.Diagnostics|Request finished HTTP/2 GET https://localhost:7229/swagger/index.html - 200 - text/html;charset=utf-8 71.4271ms
2024-05-07 08:45:07.5558|INFO|Microsoft.AspNetCore.Hosting.Diagnostics|Request starting HTTP/2 GET https://localhost:7229/swagger/swagger-ui.css - - -
2024-05-07 08:45:07.5558|INFO|Microsoft.AspNetCore.Hosting.Diagnostics|Request starting HTTP/2 GET https://localhost:7229/swagger/swagger-ui-bundle.js - - -
2024-05-07 08:45:07.5558|INFO|Microsoft.AspNetCore.Hosting.Diagnostics|Request starting HTTP/2 GET https://localhost:7229/swagger/swagger-ui-standalone-preset.js - - -
2024-05-07 08:45:07.5653|INFO|Microsoft.AspNetCore.Hosting.Diagnostics|Request starting HTTP/2 GET https://localhost:7229/_framework/aspnetcore-browser-refresh.js - - -
2024-05-07 08:45:07.5653|INFO|Microsoft.AspNetCore.Hosting.Diagnostics|Request starting HTTP/2 GET https://localhost:7229/_vs/browserLink - - -
2024-05-07 08:45:07.5653|INFO|Microsoft.AspNetCore.Hosting.Diagnostics|Request finished HTTP/2 GET https://localhost:7229/_framework/aspnetcore-browser-refresh.js - 200 13758 application/javascript;+charset=utf-8 15.4442ms
2024-05-07 08:45:07.6187|INFO|Microsoft.AspNetCore.StaticFiles.StaticFileMiddleware|Sending file. Request path: '/swagger-ui.css'. Physical path: 'N/A'
2024-05-07 08:45:07.6187|INFO|Microsoft.AspNetCore.StaticFiles.StaticFileMiddleware|Sending file. Request path: '/swagger-ui-standalone-preset.js'. Physical path: 'N/A'
2024-05-07 08:45:07.6187|INFO|Microsoft.AspNetCore.Hosting.Diagnostics|Request finished HTTP/2 GET https://localhost:7229/swagger/swagger-ui-standalone-preset.js - 200 312163 text/javascript 60.5696ms
2024-05-07 08:45:07.6187|INFO|Microsoft.AspNetCore.Hosting.Diagnostics|Request finished HTTP/2 GET https://localhost:7229/swagger/swagger-ui.css - 200 144929 text/css 60.9609ms
2024-05-07 08:45:07.6281|INFO|Microsoft.AspNetCore.StaticFiles.StaticFileMiddleware|Sending file. Request path: '/swagger-ui-bundle.js'. Physical path: 'N/A'
2024-05-07 08:45:07.6281|INFO|Microsoft.AspNetCore.Hosting.Diagnostics|Request finished HTTP/2 GET https://localhost:7229/swagger/swagger-ui-bundle.js - 200 1061536 text/javascript 66.0456ms
2024-05-07 08:45:07.6468|INFO|Microsoft.AspNetCore.Hosting.Diagnostics|Request finished HTTP/2 GET https://localhost:7229/_vs/browserLink - 200 - text/javascript;+charset=UTF-8 75.3682ms
2024-05-07 08:45:07.8472|INFO|Microsoft.AspNetCore.Hosting.Diagnostics|Request starting HTTP/2 GET https://localhost:7229/swagger/v1/swagger.json - - -
2024-05-07 08:45:07.9697|INFO|Microsoft.AspNetCore.Hosting.Diagnostics|Request finished HTTP/2 GET https://localhost:7229/swagger/v1/swagger.json - 200 - application/json;charset=utf-8 122.8719ms
2024-05-07 08:46:09.0744|INFO|Microsoft.AspNetCore.Hosting.Diagnostics|Request starting HTTP/2 POST https://localhost:7229/api/Register/register - application/json 104
2024-05-07 08:46:09.0858|INFO|Microsoft.AspNetCore.Routing.EndpointMiddleware|Executing endpoint 'FundooNotes.Controllers.RegisterController.UserRegistration (FundooNotes)'
2024-05-07 08:46:09.1175|INFO|Microsoft.AspNetCore.Mvc.Infrastructure.ControllerActionInvoker|Route matched with {action = "UserRegistration", controller = "Register"}. Executing controller action with signature System.Threading.Tasks.Task`1[Microsoft.AspNetCore.Mvc.IActionResult] UserRegistration(ModelLayer.RegistrationModel.RegisterUserModel) on controller FundooNotes.Controllers.RegisterController (FundooNotes).
2024-05-07 08:46:09.9486|INFO|FundooNotes.Controllers.RegisterController|User Registration Successful
2024-05-07 08:46:09.9486|INFO|Microsoft.AspNetCore.Mvc.Infrastructure.ObjectResultExecutor|Executing OkObjectResult, writing value of type 'ModelLayer.Response.ResponseModel`1[[ModelLayer.RegistrationModel.RegisterUserModel, ModelLayer, Version=1.0.0.0, Culture=neutral, PublicKeyToken=null]]'.
2024-05-07 08:46:09.9486|INFO|Microsoft.AspNetCore.Mvc.Infrastructure.ControllerActionInvoker|Executed action FundooNotes.Controllers.RegisterController.UserRegistration (FundooNotes) in 838.3623ms
2024-05-07 08:46:09.9486|INFO|Microsoft.AspNetCore.Routing.EndpointMiddleware|Executed endpoint 'FundooNotes.Controllers.RegisterController.UserRegistration (FundooNotes)'
2024-05-07 08:46:09.9486|INFO|Microsoft.AspNetCore.Hosting.Diagnostics|Request finished HTTP/2 POST https://localhost:7229/api/Register/register - 200 - application/json;+charset=utf-8 888.1000ms
2024-05-07 08:46:39.3741|INFO|Microsoft.AspNetCore.Hosting.Diagnostics|Request starting HTTP/2 POST https://localhost:7229/api/Login/login - application/json 58
2024-05-07 08:46:39.3741|INFO|Microsoft.AspNetCore.Routing.EndpointMiddleware|Executing endpoint 'FundooNotes.Controllers.LoginController.UserLogin (FundooNotes)'
2024-05-07 08:46:39.3826|INFO|Microsoft.AspNetCore.Mvc.Infrastructure.ControllerActionInvoker|Route matched with {action = "UserLogin", controller = "Login"}. Executing controller action with signature System.Threading.Tasks.Task`1[Microsoft.AspNetCore.Mvc.IActionResult] UserLogin(ModelLayer.RegistrationModel.LoginUserModel) on controller FundooNotes.Controllers.LoginController (FundooNotes).
2024-05-07 08:46:39.4591|ERROR|FundooNotes.Controllers.LoginController|Failed to login User with email 'baki@gamil.com' not found.
2024-05-07 08:46:39.4591|INFO|Microsoft.AspNetCore.Mvc.Infrastructure.ObjectResultExecutor|Executing OkObjectResult, writing value of type 'ModelLayer.Response.ResponseModel`1[[System.String, System.Private.CoreLib, Version=8.0.0.0, Culture=neutral, PublicKeyToken=7cec85d7bea7798e]]'.
2024-05-07 08:46:39.4608|INFO|Microsoft.AspNetCore.Mvc.Infrastructure.ControllerActionInvoker|Executed action FundooNotes.Controllers.LoginController.UserLogin (FundooNotes) in 77.549ms
2024-05-07 08:46:39.4608|INFO|Microsoft.AspNetCore.Routing.EndpointMiddleware|Executed endpoint 'FundooNotes.Controllers.LoginController.UserLogin (FundooNotes)'
2024-05-07 08:46:39.4608|INFO|Microsoft.AspNetCore.Hosting.Diagnostics|Request finished HTTP/2 POST https://localhost:7229/api/Login/login - 200 - application/json;+charset=utf-8 87.4030ms
2024-05-07 08:51:21.3900|WARN|Microsoft.AspNetCore.Server.Kestrel.Core.KestrelServer|The ASP.NET Core developer certificate is not trusted. For information about trusting the ASP.NET Core developer certificate, see https://aka.ms/aspnet/https-trust-dev-cert.
2024-05-07 08:51:21.4731|INFO|Microsoft.Hosting.Lifetime|Now listening on: https://localhost:7229
2024-05-07 08:51:21.4731|INFO|Microsoft.Hosting.Lifetime|Now listening on: http://localhost:5141
2024-05-07 08:51:21.4731|INFO|Microsoft.Hosting.Lifetime|Application started. Press Ctrl+C to shut down.
2024-05-07 08:51:21.4731|INFO|Microsoft.Hosting.Lifetime|Hosting environment: Development
2024-05-07 08:51:21.4731|INFO|Microsoft.Hosting.Lifetime|Content root path: C:\Code\WebAPI\FundooNotes\FundooNotes
2024-05-07 08:51:21.9464|INFO|Microsoft.AspNetCore.Hosting.Diagnostics|Request starting HTTP/2 GET https://localhost:7229/swagger - - -
2024-05-07 08:51:22.0617|INFO|Microsoft.AspNetCore.Hosting.Diagnostics|Request finished HTTP/2 GET https://localhost:7229/swagger - 301 0 - 122.7306ms
2024-05-07 08:51:22.0617|INFO|Microsoft.AspNetCore.Hosting.Diagnostics|Request starting HTTP/2 GET https://localhost:7229/swagger/index.html - - -
2024-05-07 08:51:22.1564|INFO|Microsoft.AspNetCore.Hosting.Diagnostics|Request finished HTTP/2 GET https://localhost:7229/swagger/index.html - 200 - text/html;charset=utf-8 88.1291ms
2024-05-07 08:51:22.1564|INFO|Microsoft.AspNetCore.Hosting.Diagnostics|Request starting HTTP/2 GET https://localhost:7229/swagger/swagger-ui-bundle.js - - -
2024-05-07 08:51:22.1564|INFO|Microsoft.AspNetCore.Hosting.Diagnostics|Request starting HTTP/2 GET https://localhost:7229/swagger/swagger-ui.css - - -
2024-05-07 08:51:22.1564|INFO|Microsoft.AspNetCore.Hosting.Diagnostics|Request starting HTTP/2 GET https://localhost:7229/swagger/swagger-ui-standalone-preset.js - - -
2024-05-07 08:51:22.1654|INFO|Microsoft.AspNetCore.Hosting.Diagnostics|Request starting HTTP/2 GET https://localhost:7229/_framework/aspnetcore-browser-refresh.js - - -
2024-05-07 08:51:22.1654|INFO|Microsoft.AspNetCore.Hosting.Diagnostics|Request starting HTTP/2 GET https://localhost:7229/_vs/browserLink - - -
2024-05-07 08:51:22.1881|INFO|Microsoft.AspNetCore.Hosting.Diagnostics|Request finished HTTP/2 GET https://localhost:7229/_framework/aspnetcore-browser-refresh.js - 200 13758 application/javascript;+charset=utf-8 22.9985ms
2024-05-07 08:51:22.1957|INFO|Microsoft.AspNetCore.StaticFiles.StaticFileMiddleware|Sending file. Request path: '/swagger-ui-standalone-preset.js'. Physical path: 'N/A'
2024-05-07 08:51:22.1957|INFO|Microsoft.AspNetCore.StaticFiles.StaticFileMiddleware|Sending file. Request path: '/swagger-ui.css'. Physical path: 'N/A'
2024-05-07 08:51:22.1957|INFO|Microsoft.AspNetCore.Hosting.Diagnostics|Request finished HTTP/2 GET https://localhost:7229/swagger/swagger-ui.css - 200 144929 text/css 38.9759ms
2024-05-07 08:51:22.1957|INFO|Microsoft.AspNetCore.Hosting.Diagnostics|Request finished HTTP/2 GET https://localhost:7229/swagger/swagger-ui-standalone-preset.js - 200 312163 text/javascript 38.5451ms
2024-05-07 08:51:22.2201|INFO|Microsoft.AspNetCore.StaticFiles.StaticFileMiddleware|Sending file. Request path: '/swagger-ui-bundle.js'. Physical path: 'N/A'
2024-05-07 08:51:22.2201|INFO|Microsoft.AspNetCore.Hosting.Diagnostics|Request finished HTTP/2 GET https://localhost:7229/swagger/swagger-ui-bundle.js - 200 1061536 text/javascript 63.4802ms
2024-05-07 08:51:22.2365|INFO|Microsoft.AspNetCore.Hosting.Diagnostics|Request finished HTTP/2 GET https://localhost:7229/_vs/browserLink - 200 - text/javascript;+charset=UTF-8 71.4569ms
2024-05-07 08:51:22.4224|INFO|Microsoft.AspNetCore.Hosting.Diagnostics|Request starting HTTP/2 GET https://localhost:7229/swagger/v1/swagger.json - - -
2024-05-07 08:51:22.5044|INFO|Microsoft.AspNetCore.Hosting.Diagnostics|Request finished HTTP/2 GET https://localhost:7229/swagger/v1/swagger.json - 200 - application/json;charset=utf-8 82.0919ms
2024-05-07 08:51:46.4266|INFO|Microsoft.AspNetCore.Hosting.Diagnostics|Request starting HTTP/2 POST https://localhost:7229/api/Login/login - application/json 58
2024-05-07 08:51:46.4266|INFO|Microsoft.AspNetCore.Routing.EndpointMiddleware|Executing endpoint 'FundooNotes.Controllers.LoginController.UserLogin (FundooNotes)'
2024-05-07 08:51:46.4523|INFO|Microsoft.AspNetCore.Mvc.Infrastructure.ControllerActionInvoker|Route matched with {action = "UserLogin", controller = "Login"}. Executing controller action with signature System.Threading.Tasks.Task`1[Microsoft.AspNetCore.Mvc.IActionResult] UserLogin(ModelLayer.RegistrationModel.LoginUserModel) on controller FundooNotes.Controllers.LoginController (FundooNotes).
2024-05-07 08:54:06.0663|WARN|Microsoft.AspNetCore.Server.Kestrel.Core.KestrelServer|The ASP.NET Core developer certificate is not trusted. For information about trusting the ASP.NET Core developer certificate, see https://aka.ms/aspnet/https-trust-dev-cert.
2024-05-07 08:54:06.1812|INFO|Microsoft.Hosting.Lifetime|Now listening on: https://localhost:7229
2024-05-07 08:54:06.1812|INFO|Microsoft.Hosting.Lifetime|Now listening on: http://localhost:5141
2024-05-07 08:54:06.1812|INFO|Microsoft.Hosting.Lifetime|Application started. Press Ctrl+C to shut down.
2024-05-07 08:54:06.1812|INFO|Microsoft.Hosting.Lifetime|Hosting environment: Development
2024-05-07 08:54:06.1812|INFO|Microsoft.Hosting.Lifetime|Content root path: C:\Code\WebAPI\FundooNotes\FundooNotes
2024-05-07 08:54:06.9514|INFO|Microsoft.AspNetCore.Hosting.Diagnostics|Request starting HTTP/2 GET https://localhost:7229/swagger - - -
2024-05-07 08:54:07.0599|INFO|Microsoft.AspNetCore.Hosting.Diagnostics|Request finished HTTP/2 GET https://localhost:7229/swagger - 301 0 - 112.3901ms
2024-05-07 08:54:07.0599|INFO|Microsoft.AspNetCore.Hosting.Diagnostics|Request starting HTTP/2 GET https://localhost:7229/swagger/index.html - - -
2024-05-07 08:54:07.1364|INFO|Microsoft.AspNetCore.Hosting.Diagnostics|Request finished HTTP/2 GET https://localhost:7229/swagger/index.html - 200 - text/html;charset=utf-8 71.4189ms
2024-05-07 08:54:07.1364|INFO|Microsoft.AspNetCore.Hosting.Diagnostics|Request starting HTTP/2 GET https://localhost:7229/swagger/swagger-ui.css - - -
2024-05-07 08:54:07.1364|INFO|Microsoft.AspNetCore.Hosting.Diagnostics|Request starting HTTP/2 GET https://localhost:7229/swagger/swagger-ui-standalone-preset.js - - -
2024-05-07 08:54:07.1364|INFO|Microsoft.AspNetCore.Hosting.Diagnostics|Request starting HTTP/2 GET https://localhost:7229/_vs/browserLink - - -
2024-05-07 08:54:07.1364|INFO|Microsoft.AspNetCore.Hosting.Diagnostics|Request starting HTTP/2 GET https://localhost:7229/swagger/swagger-ui-bundle.js - - -
2024-05-07 08:54:07.1364|INFO|Microsoft.AspNetCore.Hosting.Diagnostics|Request starting HTTP/2 GET https://localhost:7229/_framework/aspnetcore-browser-refresh.js - - -
2024-05-07 08:54:07.1666|INFO|Microsoft.AspNetCore.Hosting.Diagnostics|Request finished HTTP/2 GET https://localhost:7229/_framework/aspnetcore-browser-refresh.js - 200 13758 application/javascript;+charset=utf-8 18.0677ms
2024-05-07 08:54:07.1933|INFO|Microsoft.AspNetCore.StaticFiles.StaticFileMiddleware|Sending file. Request path: '/swagger-ui-standalone-preset.js'. Physical path: 'N/A'
2024-05-07 08:54:07.1933|INFO|Microsoft.AspNetCore.StaticFiles.StaticFileMiddleware|Sending file. Request path: '/swagger-ui.css'. Physical path: 'N/A'
2024-05-07 08:54:07.1980|INFO|Microsoft.AspNetCore.Hosting.Diagnostics|Request finished HTTP/2 GET https://localhost:7229/swagger/swagger-ui.css - 200 144929 text/css 52.5880ms
2024-05-07 08:54:07.1980|INFO|Microsoft.AspNetCore.Hosting.Diagnostics|Request finished HTTP/2 GET https://localhost:7229/swagger/swagger-ui-standalone-preset.js - 200 312163 text/javascript 51.4997ms
2024-05-07 08:54:07.1980|INFO|Microsoft.AspNetCore.StaticFiles.StaticFileMiddleware|Sending file. Request path: '/swagger-ui-bundle.js'. Physical path: 'N/A'
2024-05-07 08:54:07.1980|INFO|Microsoft.AspNetCore.Hosting.Diagnostics|Request finished HTTP/2 GET https://localhost:7229/swagger/swagger-ui-bundle.js - 200 1061536 text/javascript 57.7214ms
2024-05-07 08:54:07.2219|INFO|Microsoft.AspNetCore.Hosting.Diagnostics|Request finished HTTP/2 GET https://localhost:7229/_vs/browserLink - 200 - text/javascript;+charset=UTF-8 75.2141ms
2024-05-07 08:54:07.4116|INFO|Microsoft.AspNetCore.Hosting.Diagnostics|Request starting HTTP/2 GET https://localhost:7229/swagger/v1/swagger.json - - -
2024-05-07 08:54:07.4974|INFO|Microsoft.AspNetCore.Hosting.Diagnostics|Request finished HTTP/2 GET https://localhost:7229/swagger/v1/swagger.json - 200 - application/json;charset=utf-8 86.2222ms
2024-05-07 08:54:27.0057|INFO|Microsoft.AspNetCore.Hosting.Diagnostics|Request starting HTTP/2 POST https://localhost:7229/api/Login/login - application/json 58
2024-05-07 08:54:27.0057|INFO|Microsoft.AspNetCore.Routing.EndpointMiddleware|Executing endpoint 'FundooNotes.Controllers.LoginController.UserLogin (FundooNotes)'
2024-05-07 08:54:27.0326|INFO|Microsoft.AspNetCore.Mvc.Infrastructure.ControllerActionInvoker|Route matched with {action = "UserLogin", controller = "Login"}. Executing controller action with signature System.Threading.Tasks.Task`1[Microsoft.AspNetCore.Mvc.IActionResult] UserLogin(ModelLayer.RegistrationModel.LoginUserModel) on controller FundooNotes.Controllers.LoginController (FundooNotes).
2024-05-07 08:54:27.9937|INFO|Microsoft.AspNetCore.Mvc.Infrastructure.ObjectResultExecutor|Executing OkObjectResult, writing value of type 'ModelLayer.Response.ResponseModel`1[[System.String, System.Private.CoreLib, Version=8.0.0.0, Culture=neutral, PublicKeyToken=7cec85d7bea7798e]]'.
2024-05-07 08:54:28.0003|INFO|Microsoft.AspNetCore.Mvc.Infrastructure.ControllerActionInvoker|Executed action FundooNotes.Controllers.LoginController.UserLogin (FundooNotes) in 963.4055ms
2024-05-07 08:54:28.0003|INFO|Microsoft.AspNetCore.Routing.EndpointMiddleware|Executed endpoint 'FundooNotes.Controllers.LoginController.UserLogin (FundooNotes)'
2024-05-07 08:54:28.0003|INFO|Microsoft.AspNetCore.Hosting.Diagnostics|Request finished HTTP/2 POST https://localhost:7229/api/Login/login - 200 - application/json;+charset=utf-8 996.5432ms
2024-05-07 10:59:54.2220|WARN|Microsoft.AspNetCore.Server.Kestrel.Core.KestrelServer|The ASP.NET Core developer certificate is not trusted. For information about trusting the ASP.NET Core developer certificate, see https://aka.ms/aspnet/https-trust-dev-cert.
2024-05-07 10:59:54.3295|INFO|Microsoft.Hosting.Lifetime|Now listening on: https://localhost:7229
2024-05-07 10:59:54.3295|INFO|Microsoft.Hosting.Lifetime|Now listening on: http://localhost:5141
2024-05-07 10:59:54.3295|INFO|Microsoft.Hosting.Lifetime|Application started. Press Ctrl+C to shut down.
2024-05-07 10:59:54.3295|INFO|Microsoft.Hosting.Lifetime|Hosting environment: Development
2024-05-07 10:59:54.3295|INFO|Microsoft.Hosting.Lifetime|Content root path: C:\Code\WebAPI\FundooNotes\FundooNotes
2024-05-07 10:59:55.0478|INFO|Microsoft.AspNetCore.Hosting.Diagnostics|Request starting HTTP/2 GET https://localhost:7229/swagger - - -
2024-05-07 10:59:55.2192|INFO|Microsoft.AspNetCore.Hosting.Diagnostics|Request finished HTTP/2 GET https://localhost:7229/swagger - 301 0 - 177.3526ms
2024-05-07 10:59:55.2271|INFO|Microsoft.AspNetCore.Hosting.Diagnostics|Request starting HTTP/2 GET https://localhost:7229/swagger/index.html - - -
2024-05-07 10:59:55.3185|INFO|Microsoft.AspNetCore.Hosting.Diagnostics|Request finished HTTP/2 GET https://localhost:7229/swagger/index.html - 200 - text/html;charset=utf-8 91.2287ms
2024-05-07 10:59:55.3336|INFO|Microsoft.AspNetCore.Hosting.Diagnostics|Request starting HTTP/2 GET https://localhost:7229/swagger/swagger-ui.css - - -
2024-05-07 10:59:55.3336|INFO|Microsoft.AspNetCore.Hosting.Diagnostics|Request starting HTTP/2 GET https://localhost:7229/swagger/swagger-ui-bundle.js - - -
2024-05-07 10:59:55.3336|INFO|Microsoft.AspNetCore.Hosting.Diagnostics|Request starting HTTP/2 GET https://localhost:7229/swagger/swagger-ui-standalone-preset.js - - -
2024-05-07 10:59:55.3336|INFO|Microsoft.AspNetCore.Hosting.Diagnostics|Request starting HTTP/2 GET https://localhost:7229/_vs/browserLink - - -
2024-05-07 10:59:55.3336|INFO|Microsoft.AspNetCore.Hosting.Diagnostics|Request starting HTTP/2 GET https://localhost:7229/_framework/aspnetcore-browser-refresh.js - - -
2024-05-07 10:59:55.3336|INFO|Microsoft.AspNetCore.Hosting.Diagnostics|Request finished HTTP/2 GET https://localhost:7229/_framework/aspnetcore-browser-refresh.js - 200 13758 application/javascript;+charset=utf-8 8.0909ms
2024-05-07 10:59:55.3952|INFO|Microsoft.AspNetCore.StaticFiles.StaticFileMiddleware|Sending file. Request path: '/swagger-ui.css'. Physical path: 'N/A'
2024-05-07 10:59:55.3952|INFO|Microsoft.AspNetCore.StaticFiles.StaticFileMiddleware|Sending file. Request path: '/swagger-ui-standalone-preset.js'. Physical path: 'N/A'
2024-05-07 10:59:55.3992|INFO|Microsoft.AspNetCore.Hosting.Diagnostics|Request finished HTTP/2 GET https://localhost:7229/swagger/swagger-ui.css - 200 144929 text/css 66.2438ms
2024-05-07 10:59:55.3992|INFO|Microsoft.AspNetCore.Hosting.Diagnostics|Request finished HTTP/2 GET https://localhost:7229/swagger/swagger-ui-standalone-preset.js - 200 312163 text/javascript 64.8126ms
2024-05-07 10:59:55.3992|INFO|Microsoft.AspNetCore.StaticFiles.StaticFileMiddleware|Sending file. Request path: '/swagger-ui-bundle.js'. Physical path: 'N/A'
2024-05-07 10:59:55.4127|INFO|Microsoft.AspNetCore.Hosting.Diagnostics|Request finished HTTP/2 GET https://localhost:7229/swagger/swagger-ui-bundle.js - 200 1061536 text/javascript 78.2618ms
2024-05-07 10:59:55.4329|INFO|Microsoft.AspNetCore.Hosting.Diagnostics|Request finished HTTP/2 GET https://localhost:7229/_vs/browserLink - 200 - text/javascript;+charset=UTF-8 98.4463ms
2024-05-07 10:59:55.7427|INFO|Microsoft.AspNetCore.Hosting.Diagnostics|Request starting HTTP/2 GET https://localhost:7229/swagger/v1/swagger.json - - -
2024-05-07 10:59:55.9496|INFO|Microsoft.AspNetCore.Hosting.Diagnostics|Request finished HTTP/2 GET https://localhost:7229/swagger/v1/swagger.json - 200 - application/json;charset=utf-8 207.2071ms
2024-05-07 11:02:48.7037|WARN|Microsoft.AspNetCore.Server.Kestrel.Core.KestrelServer|The ASP.NET Core developer certificate is not trusted. For information about trusting the ASP.NET Core developer certificate, see https://aka.ms/aspnet/https-trust-dev-cert.
2024-05-07 11:02:48.8472|INFO|Microsoft.Hosting.Lifetime|Now listening on: https://localhost:7229
2024-05-07 11:02:48.8472|INFO|Microsoft.Hosting.Lifetime|Now listening on: http://localhost:5141
2024-05-07 11:02:48.8513|INFO|Microsoft.Hosting.Lifetime|Application started. Press Ctrl+C to shut down.
2024-05-07 11:02:48.8513|INFO|Microsoft.Hosting.Lifetime|Hosting environment: Development
2024-05-07 11:02:48.8513|INFO|Microsoft.Hosting.Lifetime|Content root path: C:\Code\WebAPI\FundooNotes\FundooNotes
2024-05-07 11:02:49.2860|INFO|Microsoft.AspNetCore.Hosting.Diagnostics|Request starting HTTP/2 GET https://localhost:7229/swagger - - -
2024-05-07 11:02:49.4661|INFO|Microsoft.AspNetCore.Hosting.Diagnostics|Request finished HTTP/2 GET https://localhost:7229/swagger - 301 0 - 190.0579ms
2024-05-07 11:02:49.4737|INFO|Microsoft.AspNetCore.Hosting.Diagnostics|Request starting HTTP/2 GET https://localhost:7229/swagger/index.html - - -
2024-05-07 11:02:49.6178|INFO|Microsoft.AspNetCore.Hosting.Diagnostics|Request starting HTTP/2 GET https://localhost:7229/swagger/swagger-ui.css - - -
2024-05-07 11:02:49.6178|INFO|Microsoft.AspNetCore.Hosting.Diagnostics|Request starting HTTP/2 GET https://localhost:7229/swagger/swagger-ui-bundle.js - - -
2024-05-07 11:02:49.6178|INFO|Microsoft.AspNetCore.Hosting.Diagnostics|Request starting HTTP/2 GET https://localhost:7229/swagger/swagger-ui-standalone-preset.js - - -
2024-05-07 11:02:49.6178|INFO|Microsoft.AspNetCore.Hosting.Diagnostics|Request finished HTTP/2 GET https://localhost:7229/swagger/index.html - 200 - text/html;charset=utf-8 154.4434ms
2024-05-07 11:02:49.6476|INFO|Microsoft.AspNetCore.Hosting.Diagnostics|Request starting HTTP/2 GET https://localhost:7229/_vs/browserLink - - -
2024-05-07 11:02:49.6476|INFO|Microsoft.AspNetCore.Hosting.Diagnostics|Request starting HTTP/2 GET https://localhost:7229/_framework/aspnetcore-browser-refresh.js - - -
2024-05-07 11:02:49.6725|INFO|Microsoft.AspNetCore.Hosting.Diagnostics|Request finished HTTP/2 GET https://localhost:7229/_framework/aspnetcore-browser-refresh.js - 200 13758 application/javascript;+charset=utf-8 21.7481ms
2024-05-07 11:02:49.7120|INFO|Microsoft.AspNetCore.StaticFiles.StaticFileMiddleware|Sending file. Request path: '/swagger-ui.css'. Physical path: 'N/A'
2024-05-07 11:02:49.7120|INFO|Microsoft.AspNetCore.Hosting.Diagnostics|Request finished HTTP/2 GET https://localhost:7229/swagger/swagger-ui.css - 200 144929 text/css 95.4231ms
2024-05-07 11:02:49.7120|INFO|Microsoft.AspNetCore.StaticFiles.StaticFileMiddleware|Sending file. Request path: '/swagger-ui-standalone-preset.js'. Physical path: 'N/A'
2024-05-07 11:02:49.7120|INFO|Microsoft.AspNetCore.Hosting.Diagnostics|Request finished HTTP/2 GET https://localhost:7229/swagger/swagger-ui-standalone-preset.js - 200 312163 text/javascript 97.4273ms
2024-05-07 11:02:49.7516|INFO|Microsoft.AspNetCore.StaticFiles.StaticFileMiddleware|Sending file. Request path: '/swagger-ui-bundle.js'. Physical path: 'N/A'
2024-05-07 11:02:49.7555|INFO|Microsoft.AspNetCore.Hosting.Diagnostics|Request finished HTTP/2 GET https://localhost:7229/swagger/swagger-ui-bundle.js - 200 1061536 text/javascript 136.7943ms
2024-05-07 11:02:49.7705|INFO|Microsoft.AspNetCore.Hosting.Diagnostics|Request finished HTTP/2 GET https://localhost:7229/_vs/browserLink - 200 - text/javascript;+charset=UTF-8 123.2127ms
2024-05-07 11:02:50.1123|INFO|Microsoft.AspNetCore.Hosting.Diagnostics|Request starting HTTP/2 GET https://localhost:7229/swagger/v1/swagger.json - - -
2024-05-07 11:02:50.3731|INFO|Microsoft.AspNetCore.Hosting.Diagnostics|Request finished HTTP/2 GET https://localhost:7229/swagger/v1/swagger.json - 200 - application/json;charset=utf-8 261.0496ms
2024-05-07 11:05:39.7025|INFO|Microsoft.AspNetCore.Hosting.Diagnostics|Request starting HTTP/2 POST https://localhost:7229/api/register - application/json 108
2024-05-07 11:05:39.7117|INFO|Microsoft.AspNetCore.Routing.EndpointMiddleware|Executing endpoint 'FundooNotes.Controllers.RegisterController.UserRegistration (FundooNotes)'
2024-05-07 11:05:39.7519|INFO|Microsoft.AspNetCore.Mvc.Infrastructure.ControllerActionInvoker|Route matched with {action = "UserRegistration", controller = "Register"}. Executing controller action with signature System.Threading.Tasks.Task`1[Microsoft.AspNetCore.Mvc.IActionResult] UserRegistration(ModelLayer.RegistrationModel.RegisterUserModel) on controller FundooNotes.Controllers.RegisterController (FundooNotes).
2024-05-07 11:05:40.7846|INFO|FundooNotes.Controllers.RegisterController|User Registration Successful
2024-05-07 11:05:40.7917|INFO|Microsoft.AspNetCore.Mvc.Infrastructure.ObjectResultExecutor|Executing OkObjectResult, writing value of type 'ModelLayer.Response.ResponseModel`1[[ModelLayer.RegistrationModel.RegisterUserModel, ModelLayer, Version=1.0.0.0, Culture=neutral, PublicKeyToken=null]]'.
2024-05-07 11:05:40.7917|INFO|Microsoft.AspNetCore.Mvc.Infrastructure.ControllerActionInvoker|Executed action FundooNotes.Controllers.RegisterController.UserRegistration (FundooNotes) in 1045.5227ms
2024-05-07 11:05:40.7917|INFO|Microsoft.AspNetCore.Routing.EndpointMiddleware|Executed endpoint 'FundooNotes.Controllers.RegisterController.UserRegistration (FundooNotes)'
2024-05-07 11:05:40.7917|INFO|Microsoft.AspNetCore.Hosting.Diagnostics|Request finished HTTP/2 POST https://localhost:7229/api/register - 200 - application/json;+charset=utf-8 1102.2217ms
2024-05-07 11:06:23.9227|INFO|Microsoft.AspNetCore.Hosting.Diagnostics|Request starting HTTP/2 POST https://localhost:7229/api/login - application/json 63
2024-05-07 11:06:23.9227|INFO|Microsoft.AspNetCore.Routing.EndpointMiddleware|Executing endpoint 'FundooNotes.Controllers.LoginController.UserLogin (FundooNotes)'
2024-05-07 11:06:23.9371|INFO|Microsoft.AspNetCore.Mvc.Infrastructure.ControllerActionInvoker|Route matched with {action = "UserLogin", controller = "Login"}. Executing controller action with signature System.Threading.Tasks.Task`1[Microsoft.AspNetCore.Mvc.IActionResult] UserLogin(ModelLayer.RegistrationModel.LoginUserModel) on controller FundooNotes.Controllers.LoginController (FundooNotes).
2024-05-07 11:06:23.9519|INFO|Microsoft.AspNetCore.Mvc.Infrastructure.ObjectResultExecutor|Executing BadRequestObjectResult, writing value of type 'Microsoft.AspNetCore.Mvc.ValidationProblemDetails'.
2024-05-07 11:06:23.9669|INFO|Microsoft.AspNetCore.Mvc.Infrastructure.ControllerActionInvoker|Executed action FundooNotes.Controllers.LoginController.UserLogin (FundooNotes) in 29.1856ms
2024-05-07 11:06:23.9669|INFO|Microsoft.AspNetCore.Routing.EndpointMiddleware|Executed endpoint 'FundooNotes.Controllers.LoginController.UserLogin (FundooNotes)'
2024-05-07 11:06:23.9669|INFO|Microsoft.AspNetCore.Hosting.Diagnostics|Request finished HTTP/2 POST https://localhost:7229/api/login - 400 - application/problem+json;+charset=utf-8 45.3403ms
2024-05-07 11:06:57.3082|INFO|Microsoft.AspNetCore.Hosting.Diagnostics|Request starting HTTP/2 POST https://localhost:7229/api/login - application/json 61
2024-05-07 11:06:57.3082|INFO|Microsoft.AspNetCore.Routing.EndpointMiddleware|Executing endpoint 'FundooNotes.Controllers.LoginController.UserLogin (FundooNotes)'
2024-05-07 11:06:57.3082|INFO|Microsoft.AspNetCore.Mvc.Infrastructure.ControllerActionInvoker|Route matched with {action = "UserLogin", controller = "Login"}. Executing controller action with signature System.Threading.Tasks.Task`1[Microsoft.AspNetCore.Mvc.IActionResult] UserLogin(ModelLayer.RegistrationModel.LoginUserModel) on controller FundooNotes.Controllers.LoginController (FundooNotes).
2024-05-07 11:06:57.7292|INFO|Microsoft.AspNetCore.Mvc.Infrastructure.ObjectResultExecutor|Executing OkObjectResult, writing value of type 'ModelLayer.Response.ResponseModel`1[[System.String, System.Private.CoreLib, Version=8.0.0.0, Culture=neutral, PublicKeyToken=7cec85d7bea7798e]]'.
2024-05-07 11:06:57.7292|INFO|Microsoft.AspNetCore.Mvc.Infrastructure.ControllerActionInvoker|Executed action FundooNotes.Controllers.LoginController.UserLogin (FundooNotes) in 418.8393ms
2024-05-07 11:06:57.7292|INFO|Microsoft.AspNetCore.Routing.EndpointMiddleware|Executed endpoint 'FundooNotes.Controllers.LoginController.UserLogin (FundooNotes)'
2024-05-07 11:06:57.7292|INFO|Microsoft.AspNetCore.Hosting.Diagnostics|Request finished HTTP/2 POST https://localhost:7229/api/login - 200 - application/json;+charset=utf-8 423.6951ms
2024-05-07 11:11:18.6664|WARN|Microsoft.AspNetCore.Server.Kestrel.Core.KestrelServer|The ASP.NET Core developer certificate is not trusted. For information about trusting the ASP.NET Core developer certificate, see https://aka.ms/aspnet/https-trust-dev-cert.
2024-05-07 11:11:18.7815|INFO|Microsoft.Hosting.Lifetime|Now listening on: https://localhost:7229
2024-05-07 11:11:18.7815|INFO|Microsoft.Hosting.Lifetime|Now listening on: http://localhost:5141
2024-05-07 11:11:18.7869|INFO|Microsoft.Hosting.Lifetime|Application started. Press Ctrl+C to shut down.
2024-05-07 11:11:18.7869|INFO|Microsoft.Hosting.Lifetime|Hosting environment: Development
2024-05-07 11:11:18.7869|INFO|Microsoft.Hosting.Lifetime|Content root path: C:\Code\WebAPI\FundooNotes\FundooNotes
2024-05-07 11:11:19.4103|INFO|Microsoft.AspNetCore.Hosting.Diagnostics|Request starting HTTP/2 GET https://localhost:7229/swagger - - -
2024-05-07 11:11:19.5699|INFO|Microsoft.AspNetCore.Hosting.Diagnostics|Request finished HTTP/2 GET https://localhost:7229/swagger - 301 0 - 164.5048ms
2024-05-07 11:11:19.5699|INFO|Microsoft.AspNetCore.Hosting.Diagnostics|Request starting HTTP/2 GET https://localhost:7229/swagger/index.html - - -
2024-05-07 11:11:19.6719|INFO|Microsoft.AspNetCore.Hosting.Diagnostics|Request finished HTTP/2 GET https://localhost:7229/swagger/index.html - 200 - text/html;charset=utf-8 94.2994ms
2024-05-07 11:11:19.6719|INFO|Microsoft.AspNetCore.Hosting.Diagnostics|Request starting HTTP/2 GET https://localhost:7229/swagger/swagger-ui.css - - -
2024-05-07 11:11:19.6719|INFO|Microsoft.AspNetCore.Hosting.Diagnostics|Request starting HTTP/2 GET https://localhost:7229/swagger/swagger-ui-bundle.js - - -
2024-05-07 11:11:19.6719|INFO|Microsoft.AspNetCore.Hosting.Diagnostics|Request starting HTTP/2 GET https://localhost:7229/swagger/swagger-ui-standalone-preset.js - - -
2024-05-07 11:11:19.6719|INFO|Microsoft.AspNetCore.Hosting.Diagnostics|Request starting HTTP/2 GET https://localhost:7229/_vs/browserLink - - -
2024-05-07 11:11:19.6719|INFO|Microsoft.AspNetCore.Hosting.Diagnostics|Request starting HTTP/2 GET https://localhost:7229/_framework/aspnetcore-browser-refresh.js - - -
2024-05-07 11:11:19.7107|INFO|Microsoft.AspNetCore.Hosting.Diagnostics|Request finished HTTP/2 GET https://localhost:7229/_framework/aspnetcore-browser-refresh.js - 200 13758 application/javascript;+charset=utf-8 24.6592ms
2024-05-07 11:11:19.7602|INFO|Microsoft.AspNetCore.StaticFiles.StaticFileMiddleware|Sending file. Request path: '/swagger-ui-standalone-preset.js'. Physical path: 'N/A'
2024-05-07 11:11:19.7602|INFO|Microsoft.AspNetCore.StaticFiles.StaticFileMiddleware|Sending file. Request path: '/swagger-ui.css'. Physical path: 'N/A'
2024-05-07 11:11:19.7658|INFO|Microsoft.AspNetCore.Hosting.Diagnostics|Request finished HTTP/2 GET https://localhost:7229/swagger/swagger-ui-standalone-preset.js - 200 312163 text/javascript 81.2927ms
2024-05-07 11:11:19.7658|INFO|Microsoft.AspNetCore.Hosting.Diagnostics|Request finished HTTP/2 GET https://localhost:7229/swagger/swagger-ui.css - 200 144929 text/css 83.2149ms
2024-05-07 11:11:19.7894|INFO|Microsoft.AspNetCore.StaticFiles.StaticFileMiddleware|Sending file. Request path: '/swagger-ui-bundle.js'. Physical path: 'N/A'
2024-05-07 11:11:19.7894|INFO|Microsoft.AspNetCore.Hosting.Diagnostics|Request finished HTTP/2 GET https://localhost:7229/swagger/swagger-ui-bundle.js - 200 1061536 text/javascript 109.1615ms
2024-05-07 11:11:19.8168|INFO|Microsoft.AspNetCore.Hosting.Diagnostics|Request finished HTTP/2 GET https://localhost:7229/_vs/browserLink - 200 - text/javascript;+charset=UTF-8 131.1940ms
2024-05-07 11:11:20.1585|INFO|Microsoft.AspNetCore.Hosting.Diagnostics|Request starting HTTP/2 GET https://localhost:7229/swagger/v1/swagger.json - - -
2024-05-07 11:11:20.3232|INFO|Microsoft.AspNetCore.Hosting.Diagnostics|Request finished HTTP/2 GET https://localhost:7229/swagger/v1/swagger.json - 200 - application/json;charset=utf-8 165.2448ms
2024-05-07 11:12:06.4348|INFO|Microsoft.AspNetCore.Hosting.Diagnostics|Request starting HTTP/2 POST https://localhost:7229/api/register - application/json 106
2024-05-07 11:12:06.4421|INFO|Microsoft.AspNetCore.Routing.EndpointMiddleware|Executing endpoint 'FundooNotes.Controllers.RegisterController.UserRegistration (FundooNotes)'
2024-05-07 11:12:06.4680|INFO|Microsoft.AspNetCore.Mvc.Infrastructure.ControllerActionInvoker|Route matched with {action = "UserRegistration", controller = "Register"}. Executing controller action with signature System.Threading.Tasks.Task`1[Microsoft.AspNetCore.Mvc.IActionResult] UserRegistration(ModelLayer.RegistrationModel.RegisterUserModel) on controller FundooNotes.Controllers.RegisterController (FundooNotes).
2024-05-07 11:12:07.3024|INFO|FundooNotes.Controllers.RegisterController|User Registration Successful
2024-05-07 11:12:07.3081|INFO|Microsoft.AspNetCore.Mvc.Infrastructure.ObjectResultExecutor|Executing OkObjectResult, writing value of type 'ModelLayer.Response.ResponseModel`1[[System.String, System.Private.CoreLib, Version=8.0.0.0, Culture=neutral, PublicKeyToken=7cec85d7bea7798e]]'.
2024-05-07 11:12:07.3081|INFO|Microsoft.AspNetCore.Mvc.Infrastructure.ControllerActionInvoker|Executed action FundooNotes.Controllers.RegisterController.UserRegistration (FundooNotes) in 844.4086ms
2024-05-07 11:12:07.3081|INFO|Microsoft.AspNetCore.Routing.EndpointMiddleware|Executed endpoint 'FundooNotes.Controllers.RegisterController.UserRegistration (FundooNotes)'
2024-05-07 11:12:07.3081|INFO|Microsoft.AspNetCore.Hosting.Diagnostics|Request finished HTTP/2 POST https://localhost:7229/api/register - 200 - application/json;+charset=utf-8 883.6804ms
2024-05-07 11:26:38.7480|WARN|Microsoft.AspNetCore.Server.Kestrel.Core.KestrelServer|The ASP.NET Core developer certificate is not trusted. For information about trusting the ASP.NET Core developer certificate, see https://aka.ms/aspnet/https-trust-dev-cert.
2024-05-07 11:26:38.8599|INFO|Microsoft.Hosting.Lifetime|Now listening on: https://localhost:7229
2024-05-07 11:26:38.8599|INFO|Microsoft.Hosting.Lifetime|Now listening on: http://localhost:5141
2024-05-07 11:26:38.8655|INFO|Microsoft.Hosting.Lifetime|Application started. Press Ctrl+C to shut down.
2024-05-07 11:26:38.8655|INFO|Microsoft.Hosting.Lifetime|Hosting environment: Development
2024-05-07 11:26:38.8655|INFO|Microsoft.Hosting.Lifetime|Content root path: C:\Code\WebAPI\FundooNotes\FundooNotes
2024-05-07 11:26:39.4696|INFO|Microsoft.AspNetCore.Hosting.Diagnostics|Request starting HTTP/2 GET https://localhost:7229/swagger - - -
2024-05-07 11:26:39.6272|INFO|Microsoft.AspNetCore.Hosting.Diagnostics|Request finished HTTP/2 GET https://localhost:7229/swagger - 301 0 - 162.2850ms
2024-05-07 11:26:39.6355|INFO|Microsoft.AspNetCore.Hosting.Diagnostics|Request starting HTTP/2 GET https://localhost:7229/swagger/index.html - - -
2024-05-07 11:26:39.7295|INFO|Microsoft.AspNetCore.Hosting.Diagnostics|Request finished HTTP/2 GET https://localhost:7229/swagger/index.html - 200 - text/html;charset=utf-8 94.0844ms
2024-05-07 11:26:39.7445|INFO|Microsoft.AspNetCore.Hosting.Diagnostics|Request starting HTTP/2 GET https://localhost:7229/swagger/swagger-ui.css - - -
2024-05-07 11:26:39.7445|INFO|Microsoft.AspNetCore.Hosting.Diagnostics|Request starting HTTP/2 GET https://localhost:7229/swagger/swagger-ui-standalone-preset.js - - -
2024-05-07 11:26:39.7445|INFO|Microsoft.AspNetCore.Hosting.Diagnostics|Request starting HTTP/2 GET https://localhost:7229/swagger/swagger-ui-bundle.js - - -
2024-05-07 11:26:39.7445|INFO|Microsoft.AspNetCore.Hosting.Diagnostics|Request starting HTTP/2 GET https://localhost:7229/_framework/aspnetcore-browser-refresh.js - - -
2024-05-07 11:26:39.7445|INFO|Microsoft.AspNetCore.Hosting.Diagnostics|Request starting HTTP/2 GET https://localhost:7229/_vs/browserLink - - -
2024-05-07 11:26:39.7445|INFO|Microsoft.AspNetCore.Hosting.Diagnostics|Request finished HTTP/2 GET https://localhost:7229/_framework/aspnetcore-browser-refresh.js - 200 13758 application/javascript;+charset=utf-8 9.3376ms
2024-05-07 11:26:39.8319|INFO|Microsoft.AspNetCore.StaticFiles.StaticFileMiddleware|Sending file. Request path: '/swagger-ui.css'. Physical path: 'N/A'
2024-05-07 11:26:39.8319|INFO|Microsoft.AspNetCore.StaticFiles.StaticFileMiddleware|Sending file. Request path: '/swagger-ui-standalone-preset.js'. Physical path: 'N/A'
2024-05-07 11:26:39.8384|INFO|Microsoft.AspNetCore.Hosting.Diagnostics|Request finished HTTP/2 GET https://localhost:7229/swagger/swagger-ui-standalone-preset.js - 200 312163 text/javascript 93.2228ms
2024-05-07 11:26:39.8384|INFO|Microsoft.AspNetCore.Hosting.Diagnostics|Request finished HTTP/2 GET https://localhost:7229/swagger/swagger-ui.css - 200 144929 text/css 93.9586ms
2024-05-07 11:26:39.8577|INFO|Microsoft.AspNetCore.StaticFiles.StaticFileMiddleware|Sending file. Request path: '/swagger-ui-bundle.js'. Physical path: 'N/A'
2024-05-07 11:26:39.8577|INFO|Microsoft.AspNetCore.Hosting.Diagnostics|Request finished HTTP/2 GET https://localhost:7229/swagger/swagger-ui-bundle.js - 200 1061536 text/javascript 113.4220ms
2024-05-07 11:26:39.8690|INFO|Microsoft.AspNetCore.Hosting.Diagnostics|Request finished HTTP/2 GET https://localhost:7229/_vs/browserLink - 200 - text/javascript;+charset=UTF-8 121.7097ms
2024-05-07 11:26:40.1899|INFO|Microsoft.AspNetCore.Hosting.Diagnostics|Request starting HTTP/2 GET https://localhost:7229/swagger/v1/swagger.json - - -
2024-05-07 11:26:40.3050|INFO|Microsoft.AspNetCore.Hosting.Diagnostics|Request finished HTTP/2 GET https://localhost:7229/swagger/v1/swagger.json - 200 - application/json;charset=utf-8 115.4755ms
2024-05-07 11:27:21.5191|INFO|Microsoft.AspNetCore.Hosting.Diagnostics|Request starting HTTP/2 POST https://localhost:7229/api/register - application/json 103
2024-05-07 11:27:21.5191|INFO|Microsoft.AspNetCore.Routing.EndpointMiddleware|Executing endpoint 'FundooNotes.Controllers.RegisterController.UserRegistration (FundooNotes)'
2024-05-07 11:27:21.5647|INFO|Microsoft.AspNetCore.Mvc.Infrastructure.ControllerActionInvoker|Route matched with {action = "UserRegistration", controller = "Register"}. Executing controller action with signature System.Threading.Tasks.Task`1[Microsoft.AspNetCore.Mvc.IActionResult] UserRegistration(ModelLayer.RegistrationModel.RegisterUserModel) on controller FundooNotes.Controllers.RegisterController (FundooNotes).
2024-05-07 11:27:22.4042|INFO|FundooNotes.Controllers.RegisterController|User Registration Successful
2024-05-07 11:27:22.4137|INFO|Microsoft.AspNetCore.Mvc.Infrastructure.ObjectResultExecutor|Executing OkObjectResult, writing value of type 'ModelLayer.Response.ResponseModel`1[[System.String, System.Private.CoreLib, Version=8.0.0.0, Culture=neutral, PublicKeyToken=7cec85d7bea7798e]]'.
2024-05-07 11:27:22.4137|INFO|Microsoft.AspNetCore.Mvc.Infrastructure.ControllerActionInvoker|Executed action FundooNotes.Controllers.RegisterController.UserRegistration (FundooNotes) in 854.5356ms
2024-05-07 11:27:22.4262|INFO|Microsoft.AspNetCore.Routing.EndpointMiddleware|Executed endpoint 'FundooNotes.Controllers.RegisterController.UserRegistration (FundooNotes)'
2024-05-07 11:27:22.4262|INFO|Microsoft.AspNetCore.Hosting.Diagnostics|Request finished HTTP/2 POST https://localhost:7229/api/register - 200 - application/json;+charset=utf-8 908.4674ms
2024-05-07 11:30:45.6171|WARN|Microsoft.AspNetCore.Server.Kestrel.Core.KestrelServer|The ASP.NET Core developer certificate is not trusted. For information about trusting the ASP.NET Core developer certificate, see https://aka.ms/aspnet/https-trust-dev-cert.
2024-05-07 11:30:45.7111|INFO|Microsoft.Hosting.Lifetime|Now listening on: https://localhost:7229
2024-05-07 11:30:45.7111|INFO|Microsoft.Hosting.Lifetime|Now listening on: http://localhost:5141
2024-05-07 11:30:45.7111|INFO|Microsoft.Hosting.Lifetime|Application started. Press Ctrl+C to shut down.
2024-05-07 11:30:45.7111|INFO|Microsoft.Hosting.Lifetime|Hosting environment: Development
2024-05-07 11:30:45.7111|INFO|Microsoft.Hosting.Lifetime|Content root path: C:\Code\WebAPI\FundooNotes\FundooNotes
2024-05-07 11:30:46.3495|INFO|Microsoft.AspNetCore.Hosting.Diagnostics|Request starting HTTP/2 GET https://localhost:7229/swagger - - -
2024-05-07 11:30:46.5288|INFO|Microsoft.AspNetCore.Hosting.Diagnostics|Request finished HTTP/2 GET https://localhost:7229/swagger - 301 0 - 186.7088ms
2024-05-07 11:30:46.5397|INFO|Microsoft.AspNetCore.Hosting.Diagnostics|Request starting HTTP/2 GET https://localhost:7229/swagger/index.html - - -
2024-05-07 11:30:46.6923|INFO|Microsoft.AspNetCore.Hosting.Diagnostics|Request starting HTTP/2 GET https://localhost:7229/swagger/swagger-ui.css - - -
2024-05-07 11:30:46.6923|INFO|Microsoft.AspNetCore.Hosting.Diagnostics|Request starting HTTP/2 GET https://localhost:7229/swagger/swagger-ui-standalone-preset.js - - -
2024-05-07 11:30:46.6923|INFO|Microsoft.AspNetCore.Hosting.Diagnostics|Request starting HTTP/2 GET https://localhost:7229/swagger/swagger-ui-bundle.js - - -
2024-05-07 11:30:46.6923|INFO|Microsoft.AspNetCore.Hosting.Diagnostics|Request finished HTTP/2 GET https://localhost:7229/swagger/index.html - 200 - text/html;charset=utf-8 154.1845ms
2024-05-07 11:30:46.7065|INFO|Microsoft.AspNetCore.Hosting.Diagnostics|Request starting HTTP/2 GET https://localhost:7229/_framework/aspnetcore-browser-refresh.js - - -
2024-05-07 11:30:46.7065|INFO|Microsoft.AspNetCore.Hosting.Diagnostics|Request starting HTTP/2 GET https://localhost:7229/_vs/browserLink - - -
2024-05-07 11:30:46.7485|INFO|Microsoft.AspNetCore.Hosting.Diagnostics|Request finished HTTP/2 GET https://localhost:7229/_framework/aspnetcore-browser-refresh.js - 200 13758 application/javascript;+charset=utf-8 42.2948ms
2024-05-07 11:30:46.7773|INFO|Microsoft.AspNetCore.StaticFiles.StaticFileMiddleware|Sending file. Request path: '/swagger-ui.css'. Physical path: 'N/A'
2024-05-07 11:30:46.7773|INFO|Microsoft.AspNetCore.StaticFiles.StaticFileMiddleware|Sending file. Request path: '/swagger-ui-standalone-preset.js'. Physical path: 'N/A'
2024-05-07 11:30:46.7818|INFO|Microsoft.AspNetCore.Hosting.Diagnostics|Request finished HTTP/2 GET https://localhost:7229/swagger/swagger-ui-standalone-preset.js - 200 312163 text/javascript 88.7280ms
2024-05-07 11:30:46.7822|INFO|Microsoft.AspNetCore.Hosting.Diagnostics|Request finished HTTP/2 GET https://localhost:7229/swagger/swagger-ui.css - 200 144929 text/css 89.0628ms
2024-05-07 11:30:46.8102|INFO|Microsoft.AspNetCore.StaticFiles.StaticFileMiddleware|Sending file. Request path: '/swagger-ui-bundle.js'. Physical path: 'N/A'
2024-05-07 11:30:46.8102|INFO|Microsoft.AspNetCore.Hosting.Diagnostics|Request finished HTTP/2 GET https://localhost:7229/swagger/swagger-ui-bundle.js - 200 1061536 text/javascript 118.1726ms
2024-05-07 11:30:46.8347|INFO|Microsoft.AspNetCore.Hosting.Diagnostics|Request finished HTTP/2 GET https://localhost:7229/_vs/browserLink - 200 - text/javascript;+charset=UTF-8 127.7903ms
2024-05-07 11:30:47.1424|INFO|Microsoft.AspNetCore.Hosting.Diagnostics|Request starting HTTP/2 GET https://localhost:7229/swagger/v1/swagger.json - - -
2024-05-07 11:30:47.3007|INFO|Microsoft.AspNetCore.Hosting.Diagnostics|Request finished HTTP/2 GET https://localhost:7229/swagger/v1/swagger.json - 200 - application/json;charset=utf-8 158.4615ms
2024-05-07 11:31:39.0416|INFO|Microsoft.AspNetCore.Hosting.Diagnostics|Request starting HTTP/2 POST https://localhost:7229/api/register - application/json 115
2024-05-07 11:31:39.0416|INFO|Microsoft.AspNetCore.Routing.EndpointMiddleware|Executing endpoint 'FundooNotes.Controllers.RegisterController.UserRegistration (FundooNotes)'
2024-05-07 11:31:39.0769|INFO|Microsoft.AspNetCore.Mvc.Infrastructure.ControllerActionInvoker|Route matched with {action = "UserRegistration", controller = "Register"}. Executing controller action with signature System.Threading.Tasks.Task`1[Microsoft.AspNetCore.Mvc.IActionResult] UserRegistration(ModelLayer.RegistrationModel.RegisterUserModel) on controller FundooNotes.Controllers.RegisterController (FundooNotes).
2024-05-07 11:31:40.0389|INFO|FundooNotes.Controllers.RegisterController|User Registration Successful
2024-05-07 11:31:40.0389|INFO|Microsoft.AspNetCore.Mvc.Infrastructure.ObjectResultExecutor|Executing OkObjectResult, writing value of type 'ModelLayer.Response.ResponseModel`1[[System.String, System.Private.CoreLib, Version=8.0.0.0, Culture=neutral, PublicKeyToken=7cec85d7bea7798e]]'.
2024-05-07 11:31:40.0559|INFO|Microsoft.AspNetCore.Mvc.Infrastructure.ControllerActionInvoker|Executed action FundooNotes.Controllers.RegisterController.UserRegistration (FundooNotes) in 970.6379ms
2024-05-07 11:31:40.0559|INFO|Microsoft.AspNetCore.Routing.EndpointMiddleware|Executed endpoint 'FundooNotes.Controllers.RegisterController.UserRegistration (FundooNotes)'
2024-05-07 11:31:40.0559|INFO|Microsoft.AspNetCore.Hosting.Diagnostics|Request finished HTTP/2 POST https://localhost:7229/api/register - 200 - application/json;+charset=utf-8 1016.2986ms
2024-05-07 11:32:02.3765|WARN|Microsoft.AspNetCore.Server.Kestrel.Core.KestrelServer|The ASP.NET Core developer certificate is not trusted. For information about trusting the ASP.NET Core developer certificate, see https://aka.ms/aspnet/https-trust-dev-cert.
2024-05-07 11:32:02.4635|INFO|Microsoft.Hosting.Lifetime|Now listening on: https://localhost:7229
2024-05-07 11:32:02.4635|INFO|Microsoft.Hosting.Lifetime|Now listening on: http://localhost:5141
2024-05-07 11:32:02.4635|INFO|Microsoft.Hosting.Lifetime|Application started. Press Ctrl+C to shut down.
2024-05-07 11:32:02.4635|INFO|Microsoft.Hosting.Lifetime|Hosting environment: Development
2024-05-07 11:32:02.4635|INFO|Microsoft.Hosting.Lifetime|Content root path: C:\Code\WebAPI\FundooNotes\FundooNotes
2024-05-07 11:32:03.2761|INFO|Microsoft.AspNetCore.Hosting.Diagnostics|Request starting HTTP/2 GET https://localhost:7229/swagger - - -
2024-05-07 11:32:03.4974|INFO|Microsoft.AspNetCore.Hosting.Diagnostics|Request finished HTTP/2 GET https://localhost:7229/swagger - 301 0 - 230.9268ms
2024-05-07 11:32:03.5120|INFO|Microsoft.AspNetCore.Hosting.Diagnostics|Request starting HTTP/2 GET https://localhost:7229/swagger/index.html - - -
2024-05-07 11:32:03.6559|INFO|Microsoft.AspNetCore.Hosting.Diagnostics|Request finished HTTP/2 GET https://localhost:7229/swagger/index.html - 200 - text/html;charset=utf-8 144.0055ms
2024-05-07 11:32:03.6589|INFO|Microsoft.AspNetCore.Hosting.Diagnostics|Request starting HTTP/2 GET https://localhost:7229/swagger/swagger-ui.css - - -
2024-05-07 11:32:03.6589|INFO|Microsoft.AspNetCore.Hosting.Diagnostics|Request starting HTTP/2 GET https://localhost:7229/swagger/swagger-ui-standalone-preset.js - - -
2024-05-07 11:32:03.6589|INFO|Microsoft.AspNetCore.Hosting.Diagnostics|Request starting HTTP/2 GET https://localhost:7229/swagger/swagger-ui-bundle.js - - -
2024-05-07 11:32:03.6589|INFO|Microsoft.AspNetCore.Hosting.Diagnostics|Request starting HTTP/2 GET https://localhost:7229/_framework/aspnetcore-browser-refresh.js - - -
2024-05-07 11:32:03.6589|INFO|Microsoft.AspNetCore.Hosting.Diagnostics|Request starting HTTP/2 GET https://localhost:7229/_vs/browserLink - - -
2024-05-07 11:32:03.6901|INFO|Microsoft.AspNetCore.Hosting.Diagnostics|Request finished HTTP/2 GET https://localhost:7229/_framework/aspnetcore-browser-refresh.js - 200 13758 application/javascript;+charset=utf-8 22.0904ms
2024-05-07 11:32:03.7334|INFO|Microsoft.AspNetCore.StaticFiles.StaticFileMiddleware|Sending file. Request path: '/swagger-ui.css'. Physical path: 'N/A'
2024-05-07 11:32:03.7334|INFO|Microsoft.AspNetCore.StaticFiles.StaticFileMiddleware|Sending file. Request path: '/swagger-ui-standalone-preset.js'. Physical path: 'N/A'
2024-05-07 11:32:03.7384|INFO|Microsoft.AspNetCore.Hosting.Diagnostics|Request finished HTTP/2 GET https://localhost:7229/swagger/swagger-ui.css - 200 144929 text/css 79.5111ms
2024-05-07 11:32:03.7384|INFO|Microsoft.AspNetCore.Hosting.Diagnostics|Request finished HTTP/2 GET https://localhost:7229/swagger/swagger-ui-standalone-preset.js - 200 312163 text/javascript 76.8024ms
2024-05-07 11:32:03.8056|INFO|Microsoft.AspNetCore.StaticFiles.StaticFileMiddleware|Sending file. Request path: '/swagger-ui-bundle.js'. Physical path: 'N/A'
2024-05-07 11:32:03.8056|INFO|Microsoft.AspNetCore.Hosting.Diagnostics|Request finished HTTP/2 GET https://localhost:7229/swagger/swagger-ui-bundle.js - 200 1061536 text/javascript 148.7173ms
2024-05-07 11:32:03.8464|INFO|Microsoft.AspNetCore.Hosting.Diagnostics|Request finished HTTP/2 GET https://localhost:7229/_vs/browserLink - 200 - text/javascript;+charset=UTF-8 177.7914ms
2024-05-07 11:32:04.2714|INFO|Microsoft.AspNetCore.Hosting.Diagnostics|Request starting HTTP/2 GET https://localhost:7229/swagger/v1/swagger.json - - -
2024-05-07 11:32:04.4664|INFO|Microsoft.AspNetCore.Hosting.Diagnostics|Request finished HTTP/2 GET https://localhost:7229/swagger/v1/swagger.json - 200 - application/json;charset=utf-8 195.3636ms
2024-05-07 11:32:41.5711|INFO|Microsoft.AspNetCore.Hosting.Diagnostics|Request starting HTTP/2 POST https://localhost:7229/api/register - application/json 110
2024-05-07 11:32:41.5711|INFO|Microsoft.AspNetCore.Routing.EndpointMiddleware|Executing endpoint 'FundooNotes.Controllers.RegisterController.UserRegistration (FundooNotes)'
2024-05-07 11:32:41.6087|INFO|Microsoft.AspNetCore.Mvc.Infrastructure.ControllerActionInvoker|Route matched with {action = "UserRegistration", controller = "Register"}. Executing controller action with signature System.Threading.Tasks.Task`1[Microsoft.AspNetCore.Mvc.IActionResult] UserRegistration(ModelLayer.RegistrationModel.RegisterUserModel) on controller FundooNotes.Controllers.RegisterController (FundooNotes).
2024-05-07 11:32:42.4455|INFO|FundooNotes.Controllers.RegisterController|User Registration Successful
2024-05-07 11:32:42.4515|INFO|Microsoft.AspNetCore.Mvc.Infrastructure.ObjectResultExecutor|Executing OkObjectResult, writing value of type 'ModelLayer.Response.ResponseModel`1[[System.String, System.Private.CoreLib, Version=8.0.0.0, Culture=neutral, PublicKeyToken=7cec85d7bea7798e]]'.
2024-05-07 11:32:42.4515|INFO|Microsoft.AspNetCore.Mvc.Infrastructure.ControllerActionInvoker|Executed action FundooNotes.Controllers.RegisterController.UserRegistration (FundooNotes) in 846.6719ms
2024-05-07 11:32:42.4515|INFO|Microsoft.AspNetCore.Routing.EndpointMiddleware|Executed endpoint 'FundooNotes.Controllers.RegisterController.UserRegistration (FundooNotes)'
2024-05-07 11:32:42.4515|INFO|Microsoft.AspNetCore.Hosting.Diagnostics|Request finished HTTP/2 POST https://localhost:7229/api/register - 200 - application/json;+charset=utf-8 891.1906ms
2024-05-07 11:36:58.1390|WARN|Microsoft.AspNetCore.Server.Kestrel.Core.KestrelServer|The ASP.NET Core developer certificate is not trusted. For information about trusting the ASP.NET Core developer certificate, see https://aka.ms/aspnet/https-trust-dev-cert.
2024-05-07 11:36:58.3139|INFO|Microsoft.Hosting.Lifetime|Now listening on: https://localhost:7229
2024-05-07 11:36:58.3169|INFO|Microsoft.Hosting.Lifetime|Now listening on: http://localhost:5141
2024-05-07 11:36:58.3169|INFO|Microsoft.Hosting.Lifetime|Application started. Press Ctrl+C to shut down.
2024-05-07 11:36:58.3169|INFO|Microsoft.Hosting.Lifetime|Hosting environment: Development
2024-05-07 11:36:58.3169|INFO|Microsoft.Hosting.Lifetime|Content root path: C:\Code\WebAPI\FundooNotes\FundooNotes
2024-05-07 11:36:59.1740|INFO|Microsoft.AspNetCore.Hosting.Diagnostics|Request starting HTTP/2 GET https://localhost:7229/swagger - - -
2024-05-07 11:36:59.3331|INFO|Microsoft.AspNetCore.Hosting.Diagnostics|Request finished HTTP/2 GET https://localhost:7229/swagger - 301 0 - 165.5617ms
2024-05-07 11:36:59.3402|INFO|Microsoft.AspNetCore.Hosting.Diagnostics|Request starting HTTP/2 GET https://localhost:7229/swagger/index.html - - -
2024-05-07 11:36:59.4730|INFO|Microsoft.AspNetCore.Hosting.Diagnostics|Request finished HTTP/2 GET https://localhost:7229/swagger/index.html - 200 - text/html;charset=utf-8 132.7886ms
2024-05-07 11:36:59.4819|INFO|Microsoft.AspNetCore.Hosting.Diagnostics|Request starting HTTP/2 GET https://localhost:7229/swagger/swagger-ui.css - - -
2024-05-07 11:36:59.4819|INFO|Microsoft.AspNetCore.Hosting.Diagnostics|Request starting HTTP/2 GET https://localhost:7229/swagger/swagger-ui-bundle.js - - -
2024-05-07 11:36:59.4819|INFO|Microsoft.AspNetCore.Hosting.Diagnostics|Request starting HTTP/2 GET https://localhost:7229/swagger/swagger-ui-standalone-preset.js - - -
2024-05-07 11:36:59.4922|INFO|Microsoft.AspNetCore.Hosting.Diagnostics|Request starting HTTP/2 GET https://localhost:7229/_vs/browserLink - - -
2024-05-07 11:36:59.4922|INFO|Microsoft.AspNetCore.Hosting.Diagnostics|Request starting HTTP/2 GET https://localhost:7229/_framework/aspnetcore-browser-refresh.js - - -
2024-05-07 11:36:59.5332|INFO|Microsoft.AspNetCore.Hosting.Diagnostics|Request finished HTTP/2 GET https://localhost:7229/_framework/aspnetcore-browser-refresh.js - 200 13758 application/javascript;+charset=utf-8 38.6930ms
2024-05-07 11:36:59.5784|INFO|Microsoft.AspNetCore.StaticFiles.StaticFileMiddleware|Sending file. Request path: '/swagger-ui.css'. Physical path: 'N/A'
2024-05-07 11:36:59.5784|INFO|Microsoft.AspNetCore.StaticFiles.StaticFileMiddleware|Sending file. Request path: '/swagger-ui-standalone-preset.js'. Physical path: 'N/A'
2024-05-07 11:36:59.5857|INFO|Microsoft.AspNetCore.Hosting.Diagnostics|Request finished HTTP/2 GET https://localhost:7229/swagger/swagger-ui.css - 200 144929 text/css 103.6541ms
2024-05-07 11:36:59.5857|INFO|Microsoft.AspNetCore.Hosting.Diagnostics|Request finished HTTP/2 GET https://localhost:7229/swagger/swagger-ui-standalone-preset.js - 200 312163 text/javascript 102.6789ms
2024-05-07 11:36:59.6219|INFO|Microsoft.AspNetCore.StaticFiles.StaticFileMiddleware|Sending file. Request path: '/swagger-ui-bundle.js'. Physical path: 'N/A'
2024-05-07 11:36:59.6219|INFO|Microsoft.AspNetCore.Hosting.Diagnostics|Request finished HTTP/2 GET https://localhost:7229/swagger/swagger-ui-bundle.js - 200 1061536 text/javascript 141.2750ms
2024-05-07 11:36:59.6570|INFO|Microsoft.AspNetCore.Hosting.Diagnostics|Request finished HTTP/2 GET https://localhost:7229/_vs/browserLink - 200 - text/javascript;+charset=UTF-8 164.6263ms
2024-05-07 11:37:00.1328|INFO|Microsoft.AspNetCore.Hosting.Diagnostics|Request starting HTTP/2 GET https://localhost:7229/swagger/v1/swagger.json - - -
2024-05-07 11:37:00.3266|INFO|Microsoft.AspNetCore.Hosting.Diagnostics|Request finished HTTP/2 GET https://localhost:7229/swagger/v1/swagger.json - 200 - application/json;charset=utf-8 194.3811ms
2024-05-07 11:37:42.4907|INFO|Microsoft.AspNetCore.Hosting.Diagnostics|Request starting HTTP/2 POST https://localhost:7229/api/register - application/json 104
2024-05-07 11:37:42.4907|INFO|Microsoft.AspNetCore.Routing.EndpointMiddleware|Executing endpoint 'FundooNotes.Controllers.RegisterController.UserRegistration (FundooNotes)'
2024-05-07 11:37:42.5321|INFO|Microsoft.AspNetCore.Mvc.Infrastructure.ControllerActionInvoker|Route matched with {action = "UserRegistration", controller = "Register"}. Executing controller action with signature System.Threading.Tasks.Task`1[Microsoft.AspNetCore.Mvc.IActionResult] UserRegistration(ModelLayer.RegistrationModel.RegisterUserModel) on controller FundooNotes.Controllers.RegisterController (FundooNotes).
2024-05-07 11:37:43.4641|INFO|FundooNotes.Controllers.RegisterController|User Registration Successful
2024-05-07 11:37:43.4641|INFO|Microsoft.AspNetCore.Mvc.Infrastructure.ObjectResultExecutor|Executing OkObjectResult, writing value of type 'ModelLayer.Response.ResponseModel`1[[System.String, System.Private.CoreLib, Version=8.0.0.0, Culture=neutral, PublicKeyToken=7cec85d7bea7798e]]'.
2024-05-07 11:37:43.4816|INFO|Microsoft.AspNetCore.Mvc.Infrastructure.ControllerActionInvoker|Executed action FundooNotes.Controllers.RegisterController.UserRegistration (FundooNotes) in 942.8677ms
2024-05-07 11:37:43.4816|INFO|Microsoft.AspNetCore.Routing.EndpointMiddleware|Executed endpoint 'FundooNotes.Controllers.RegisterController.UserRegistration (FundooNotes)'
2024-05-07 11:37:43.4816|INFO|Microsoft.AspNetCore.Hosting.Diagnostics|Request finished HTTP/2 POST https://localhost:7229/api/register - 200 - application/json;+charset=utf-8 992.4058ms
2024-05-07 11:48:17.8150|WARN|Microsoft.AspNetCore.Server.Kestrel.Core.KestrelServer|The ASP.NET Core developer certificate is not trusted. For information about trusting the ASP.NET Core developer certificate, see https://aka.ms/aspnet/https-trust-dev-cert.
2024-05-07 11:48:17.9376|INFO|Microsoft.Hosting.Lifetime|Now listening on: https://localhost:7229
2024-05-07 11:48:17.9376|INFO|Microsoft.Hosting.Lifetime|Now listening on: http://localhost:5141
2024-05-07 11:48:17.9435|INFO|Microsoft.Hosting.Lifetime|Application started. Press Ctrl+C to shut down.
2024-05-07 11:48:17.9435|INFO|Microsoft.Hosting.Lifetime|Hosting environment: Development
2024-05-07 11:48:17.9435|INFO|Microsoft.Hosting.Lifetime|Content root path: C:\Code\WebAPI\FundooNotes\FundooNotes
2024-05-07 11:48:18.6351|INFO|Microsoft.AspNetCore.Hosting.Diagnostics|Request starting HTTP/2 GET https://localhost:7229/swagger - - -
2024-05-07 11:48:18.7858|INFO|Microsoft.AspNetCore.Hosting.Diagnostics|Request finished HTTP/2 GET https://localhost:7229/swagger - 301 0 - 155.8548ms
2024-05-07 11:48:18.7949|INFO|Microsoft.AspNetCore.Hosting.Diagnostics|Request starting HTTP/2 GET https://localhost:7229/swagger/index.html - - -
2024-05-07 11:48:18.9142|INFO|Microsoft.AspNetCore.Hosting.Diagnostics|Request finished HTTP/2 GET https://localhost:7229/swagger/index.html - 200 - text/html;charset=utf-8 118.9796ms
2024-05-07 11:48:18.9142|INFO|Microsoft.AspNetCore.Hosting.Diagnostics|Request starting HTTP/2 GET https://localhost:7229/swagger/swagger-ui.css - - -
2024-05-07 11:48:18.9142|INFO|Microsoft.AspNetCore.Hosting.Diagnostics|Request starting HTTP/2 GET https://localhost:7229/swagger/swagger-ui-bundle.js - - -
2024-05-07 11:48:18.9142|INFO|Microsoft.AspNetCore.Hosting.Diagnostics|Request starting HTTP/2 GET https://localhost:7229/swagger/swagger-ui-standalone-preset.js - - -
2024-05-07 11:48:18.9142|INFO|Microsoft.AspNetCore.Hosting.Diagnostics|Request starting HTTP/2 GET https://localhost:7229/_framework/aspnetcore-browser-refresh.js - - -
2024-05-07 11:48:18.9142|INFO|Microsoft.AspNetCore.Hosting.Diagnostics|Request starting HTTP/2 GET https://localhost:7229/_vs/browserLink - - -
2024-05-07 11:48:18.9448|INFO|Microsoft.AspNetCore.Hosting.Diagnostics|Request finished HTTP/2 GET https://localhost:7229/_framework/aspnetcore-browser-refresh.js - 200 13758 application/javascript;+charset=utf-8 19.8881ms
2024-05-07 11:48:18.9886|INFO|Microsoft.AspNetCore.StaticFiles.StaticFileMiddleware|Sending file. Request path: '/swagger-ui.css'. Physical path: 'N/A'
2024-05-07 11:48:18.9904|INFO|Microsoft.AspNetCore.Hosting.Diagnostics|Request finished HTTP/2 GET https://localhost:7229/swagger/swagger-ui.css - 200 144929 text/css 72.5569ms
2024-05-07 11:48:18.9904|INFO|Microsoft.AspNetCore.StaticFiles.StaticFileMiddleware|Sending file. Request path: '/swagger-ui-standalone-preset.js'. Physical path: 'N/A'
2024-05-07 11:48:18.9904|INFO|Microsoft.AspNetCore.Hosting.Diagnostics|Request finished HTTP/2 GET https://localhost:7229/swagger/swagger-ui-standalone-preset.js - 200 312163 text/javascript 71.7725ms
2024-05-07 11:48:19.0086|INFO|Microsoft.AspNetCore.StaticFiles.StaticFileMiddleware|Sending file. Request path: '/swagger-ui-bundle.js'. Physical path: 'N/A'
2024-05-07 11:48:19.0086|INFO|Microsoft.AspNetCore.Hosting.Diagnostics|Request finished HTTP/2 GET https://localhost:7229/swagger/swagger-ui-bundle.js - 200 1061536 text/javascript 89.2810ms
2024-05-07 11:48:19.0321|INFO|Microsoft.AspNetCore.Hosting.Diagnostics|Request finished HTTP/2 GET https://localhost:7229/_vs/browserLink - 200 - text/javascript;+charset=UTF-8 110.7551ms
2024-05-07 11:48:19.3337|INFO|Microsoft.AspNetCore.Hosting.Diagnostics|Request starting HTTP/2 GET https://localhost:7229/swagger/v1/swagger.json - - -
2024-05-07 11:48:19.4644|INFO|Microsoft.AspNetCore.Hosting.Diagnostics|Request finished HTTP/2 GET https://localhost:7229/swagger/v1/swagger.json - 200 - application/json;charset=utf-8 131.3951ms
2024-05-07 11:48:57.3572|INFO|Microsoft.AspNetCore.Hosting.Diagnostics|Request starting HTTP/2 POST https://localhost:7229/api/register - application/json 113
2024-05-07 11:48:57.3690|INFO|Microsoft.AspNetCore.Routing.EndpointMiddleware|Executing endpoint 'FundooNotes.Controllers.RegisterController.UserRegistration (FundooNotes)'
2024-05-07 11:48:57.4031|INFO|Microsoft.AspNetCore.Mvc.Infrastructure.ControllerActionInvoker|Route matched with {action = "UserRegistration", controller = "Register"}. Executing controller action with signature System.Threading.Tasks.Task`1[Microsoft.AspNetCore.Mvc.IActionResult] UserRegistration(ModelLayer.RegistrationModel.RegisterUserModel) on controller FundooNotes.Controllers.RegisterController (FundooNotes).
2024-05-07 11:48:58.2441|INFO|FundooNotes.Controllers.RegisterController|User Registration Successful
2024-05-07 11:48:58.2441|INFO|Microsoft.AspNetCore.Mvc.Infrastructure.ObjectResultExecutor|Executing OkObjectResult, writing value of type 'ModelLayer.Response.ResponseStringModel'.
2024-05-07 11:48:58.2667|INFO|Microsoft.AspNetCore.Mvc.Infrastructure.ControllerActionInvoker|Executed action FundooNotes.Controllers.RegisterController.UserRegistration (FundooNotes) in 855.3312ms
2024-05-07 11:48:58.2667|INFO|Microsoft.AspNetCore.Routing.EndpointMiddleware|Executed endpoint 'FundooNotes.Controllers.RegisterController.UserRegistration (FundooNotes)'
2024-05-07 11:48:58.2667|INFO|Microsoft.AspNetCore.Hosting.Diagnostics|Request finished HTTP/2 POST https://localhost:7229/api/register - 200 - application/json;+charset=utf-8 911.6643ms
2024-05-07 11:49:35.3726|INFO|Microsoft.AspNetCore.Hosting.Diagnostics|Request starting HTTP/2 POST https://localhost:7229/api/register - application/json 106
2024-05-07 11:49:35.3726|INFO|Microsoft.AspNetCore.Routing.EndpointMiddleware|Executing endpoint 'FundooNotes.Controllers.RegisterController.UserRegistration (FundooNotes)'
2024-05-07 11:49:35.3726|INFO|Microsoft.AspNetCore.Mvc.Infrastructure.ControllerActionInvoker|Route matched with {action = "UserRegistration", controller = "Register"}. Executing controller action with signature System.Threading.Tasks.Task`1[Microsoft.AspNetCore.Mvc.IActionResult] UserRegistration(ModelLayer.RegistrationModel.RegisterUserModel) on controller FundooNotes.Controllers.RegisterController (FundooNotes).
2024-05-07 11:49:35.5233|ERROR|FundooNotes.Controllers.RegisterController|Registration unsuccessful
2024-05-07 11:49:35.5233|INFO|Microsoft.AspNetCore.Mvc.Infrastructure.ObjectResultExecutor|Executing OkObjectResult, writing value of type 'ModelLayer.Response.ResponseDataModel`1[[ModelLayer.RegistrationModel.RegisterUserModel, ModelLayer, Version=1.0.0.0, Culture=neutral, PublicKeyToken=null]]'.
2024-05-07 11:49:35.5233|INFO|Microsoft.AspNetCore.Mvc.Infrastructure.ControllerActionInvoker|Executed action FundooNotes.Controllers.RegisterController.UserRegistration (FundooNotes) in 150.9567ms
2024-05-07 11:49:35.5233|INFO|Microsoft.AspNetCore.Routing.EndpointMiddleware|Executed endpoint 'FundooNotes.Controllers.RegisterController.UserRegistration (FundooNotes)'
2024-05-07 11:49:35.5233|INFO|Microsoft.AspNetCore.Hosting.Diagnostics|Request finished HTTP/2 POST https://localhost:7229/api/register - 200 - application/json;+charset=utf-8 155.8162ms
2024-05-07 11:49:55.7948|INFO|Microsoft.AspNetCore.Hosting.Diagnostics|Request starting HTTP/2 POST https://localhost:7229/api/register - application/json 110
2024-05-07 11:49:55.7948|INFO|Microsoft.AspNetCore.Routing.EndpointMiddleware|Executing endpoint 'FundooNotes.Controllers.RegisterController.UserRegistration (FundooNotes)'
2024-05-07 11:49:55.7948|INFO|Microsoft.AspNetCore.Mvc.Infrastructure.ControllerActionInvoker|Route matched with {action = "UserRegistration", controller = "Register"}. Executing controller action with signature System.Threading.Tasks.Task`1[Microsoft.AspNetCore.Mvc.IActionResult] UserRegistration(ModelLayer.RegistrationModel.RegisterUserModel) on controller FundooNotes.Controllers.RegisterController (FundooNotes).
2024-05-07 11:49:55.9974|INFO|FundooNotes.Controllers.RegisterController|User Registration Successful
2024-05-07 11:49:55.9974|INFO|Microsoft.AspNetCore.Mvc.Infrastructure.ObjectResultExecutor|Executing OkObjectResult, writing value of type 'ModelLayer.Response.ResponseStringModel'.
2024-05-07 11:49:55.9974|INFO|Microsoft.AspNetCore.Mvc.Infrastructure.ControllerActionInvoker|Executed action FundooNotes.Controllers.RegisterController.UserRegistration (FundooNotes) in 200.4296ms
2024-05-07 11:49:55.9974|INFO|Microsoft.AspNetCore.Routing.EndpointMiddleware|Executed endpoint 'FundooNotes.Controllers.RegisterController.UserRegistration (FundooNotes)'
2024-05-07 11:49:55.9974|INFO|Microsoft.AspNetCore.Hosting.Diagnostics|Request finished HTTP/2 POST https://localhost:7229/api/register - 200 - application/json;+charset=utf-8 206.7903ms
