2024-05-15 09:16:10.6526|INFO|Microsoft.AspNetCore.DataProtection.KeyManagement.XmlKeyManager|User profile is available. Using 'C:\Users\Yash\AppData\Local\ASP.NET\DataProtection-Keys' as key repository and Windows DPAPI to encrypt keys at rest.
2024-05-15 09:16:10.9055|INFO|Microsoft.Hosting.Lifetime|Now listening on: http://localhost:5141
2024-05-15 09:16:10.9055|INFO|Microsoft.Hosting.Lifetime|Application started. Press Ctrl+C to shut down.
2024-05-15 09:16:10.9055|INFO|Microsoft.Hosting.Lifetime|Hosting environment: Development
2024-05-15 09:16:10.9055|INFO|Microsoft.Hosting.Lifetime|Content root path: C:\Code\WebAPI\FundooNotes\FundooNotes
2024-05-15 09:16:11.8948|INFO|Microsoft.AspNetCore.Hosting.Diagnostics|Request starting HTTP/1.1 GET http://localhost:5141/swagger/index.html - - -
2024-05-15 09:16:12.6490|INFO|Microsoft.AspNetCore.Hosting.Diagnostics|Request finished HTTP/1.1 GET http://localhost:5141/swagger/index.html - 200 - text/html;charset=utf-8 765.3455ms
2024-05-15 09:16:12.6628|INFO|Microsoft.AspNetCore.Hosting.Diagnostics|Request starting HTTP/1.1 GET http://localhost:5141/_framework/aspnetcore-browser-refresh.js - - -
2024-05-15 09:16:12.6892|INFO|Microsoft.AspNetCore.Hosting.Diagnostics|Request starting HTTP/1.1 GET http://localhost:5141/_vs/browserLink - - -
2024-05-15 09:16:12.6892|INFO|Microsoft.AspNetCore.Hosting.Diagnostics|Request finished HTTP/1.1 GET http://localhost:5141/_framework/aspnetcore-browser-refresh.js - 200 13758 application/javascript;+charset=utf-8 30.4233ms
2024-05-15 09:16:13.0716|INFO|Microsoft.AspNetCore.Hosting.Diagnostics|Request finished HTTP/1.1 GET http://localhost:5141/_vs/browserLink - 200 - text/javascript;+charset=UTF-8 382.3917ms
2024-05-15 09:16:13.1813|INFO|Microsoft.AspNetCore.Hosting.Diagnostics|Request starting HTTP/1.1 GET http://localhost:5141/swagger/v1/swagger.json - - -
2024-05-15 09:16:13.3758|INFO|Microsoft.AspNetCore.Hosting.Diagnostics|Request finished HTTP/1.1 GET http://localhost:5141/swagger/v1/swagger.json - 200 - application/json;charset=utf-8 194.4452ms
2024-05-15 09:24:52.7524|INFO|Microsoft.AspNetCore.Hosting.Diagnostics|Request starting HTTP/1.1 GET http://localhost:5141/api/get-collaborations - - -
2024-05-15 09:24:52.8198|WARN|Microsoft.AspNetCore.HttpsPolicy.HttpsRedirectionMiddleware|Failed to determine the https port for redirect.
2024-05-15 09:24:52.8198|INFO|Microsoft.AspNetCore.Routing.EndpointMiddleware|Executing endpoint 'FundooNotes.Controllers.CollaborationController.GetCollaboration (FundooNotes)'
2024-05-15 09:24:52.8468|INFO|Microsoft.AspNetCore.Mvc.Infrastructure.ControllerActionInvoker|Route matched with {action = "GetCollaboration", controller = "Collaboration"}. Executing controller action with signature System.Threading.Tasks.Task`1[Microsoft.AspNetCore.Mvc.IActionResult] GetCollaboration() on controller FundooNotes.Controllers.CollaborationController (FundooNotes).
2024-05-15 09:24:53.2058|INFO|Microsoft.AspNetCore.Mvc.Infrastructure.ObjectResultExecutor|Executing OkObjectResult, writing value of type 'ModelLayer.Response.ResponseDataModel`1[[System.Collections.Generic.IEnumerable`1[[ModelLayer.CollaborationModel.CollaborationInfoModel, ModelLayer, Version=1.0.0.0, Culture=neutral, PublicKeyToken=null]], System.Private.CoreLib, Version=8.0.0.0, Culture=neutral, PublicKeyToken=7cec85d7bea7798e]]'.
2024-05-15 09:24:53.2165|INFO|Microsoft.AspNetCore.Mvc.Infrastructure.ControllerActionInvoker|Executed action FundooNotes.Controllers.CollaborationController.GetCollaboration (FundooNotes) in 365.0765ms
2024-05-15 09:24:53.2165|INFO|Microsoft.AspNetCore.Routing.EndpointMiddleware|Executed endpoint 'FundooNotes.Controllers.CollaborationController.GetCollaboration (FundooNotes)'
2024-05-15 09:24:53.2165|INFO|Microsoft.AspNetCore.Hosting.Diagnostics|Request finished HTTP/1.1 GET http://localhost:5141/api/get-collaborations - 200 - application/json;+charset=utf-8 468.0633ms
2024-05-15 09:26:20.7713|INFO|Microsoft.AspNetCore.Hosting.Diagnostics|Request starting HTTP/1.1 POST http://localhost:5141/api/add-colleboration?noteid=4 - application/json 41
2024-05-15 09:26:20.7713|INFO|Microsoft.AspNetCore.Routing.EndpointMiddleware|Executing endpoint 'FundooNotes.Controllers.CollaborationController.AddCollaborator (FundooNotes)'
2024-05-15 09:26:20.7923|INFO|Microsoft.AspNetCore.Mvc.Infrastructure.ControllerActionInvoker|Route matched with {action = "AddCollaborator", controller = "Collaboration"}. Executing controller action with signature System.Threading.Tasks.Task`1[Microsoft.AspNetCore.Mvc.IActionResult] AddCollaborator(Int32, ModelLayer.CollaborationMadel.CollaborationCreateMode) on controller FundooNotes.Controllers.CollaborationController (FundooNotes).
2024-05-15 09:26:25.1446|INFO|FundooNotes.Controllers.CollaborationController|Collaborator Added
2024-05-15 09:26:25.1446|INFO|Microsoft.AspNetCore.Mvc.Infrastructure.ObjectResultExecutor|Executing OkObjectResult, writing value of type 'ModelLayer.Response.ResponseStringModel'.
2024-05-15 09:26:25.1446|INFO|Microsoft.AspNetCore.Mvc.Infrastructure.ControllerActionInvoker|Executed action FundooNotes.Controllers.CollaborationController.AddCollaborator (FundooNotes) in 4357.6137ms
2024-05-15 09:26:25.1446|INFO|Microsoft.AspNetCore.Routing.EndpointMiddleware|Executed endpoint 'FundooNotes.Controllers.CollaborationController.AddCollaborator (FundooNotes)'
2024-05-15 09:26:25.1446|INFO|Microsoft.AspNetCore.Hosting.Diagnostics|Request finished HTTP/1.1 POST http://localhost:5141/api/add-colleboration?noteid=4 - 200 - application/json;+charset=utf-8 4379.4411ms
2024-05-15 09:26:29.6602|INFO|Microsoft.AspNetCore.Hosting.Diagnostics|Request starting HTTP/1.1 GET http://localhost:5141/api/get-collaborations - - -
2024-05-15 09:26:29.6602|INFO|Microsoft.AspNetCore.Routing.EndpointMiddleware|Executing endpoint 'FundooNotes.Controllers.CollaborationController.GetCollaboration (FundooNotes)'
2024-05-15 09:26:29.6602|INFO|Microsoft.AspNetCore.Mvc.Infrastructure.ControllerActionInvoker|Route matched with {action = "GetCollaboration", controller = "Collaboration"}. Executing controller action with signature System.Threading.Tasks.Task`1[Microsoft.AspNetCore.Mvc.IActionResult] GetCollaboration() on controller FundooNotes.Controllers.CollaborationController (FundooNotes).
2024-05-15 09:26:29.6602|INFO|Microsoft.AspNetCore.Mvc.Infrastructure.ObjectResultExecutor|Executing OkObjectResult, writing value of type 'ModelLayer.Response.ResponseDataModel`1[[System.Collections.Generic.IEnumerable`1[[ModelLayer.CollaborationModel.CollaborationInfoModel, ModelLayer, Version=1.0.0.0, Culture=neutral, PublicKeyToken=null]], System.Private.CoreLib, Version=8.0.0.0, Culture=neutral, PublicKeyToken=7cec85d7bea7798e]]'.
2024-05-15 09:26:29.6602|INFO|Microsoft.AspNetCore.Mvc.Infrastructure.ControllerActionInvoker|Executed action FundooNotes.Controllers.CollaborationController.GetCollaboration (FundooNotes) in 10.2217ms
2024-05-15 09:26:29.6602|INFO|Microsoft.AspNetCore.Routing.EndpointMiddleware|Executed endpoint 'FundooNotes.Controllers.CollaborationController.GetCollaboration (FundooNotes)'
2024-05-15 09:26:29.6602|INFO|Microsoft.AspNetCore.Hosting.Diagnostics|Request finished HTTP/1.1 GET http://localhost:5141/api/get-collaborations - 200 - application/json;+charset=utf-8 14.1385ms
2024-05-15 09:30:23.2709|INFO|Microsoft.AspNetCore.DataProtection.KeyManagement.XmlKeyManager|User profile is available. Using 'C:\Users\Yash\AppData\Local\ASP.NET\DataProtection-Keys' as key repository and Windows DPAPI to encrypt keys at rest.
2024-05-15 09:30:23.4534|INFO|Microsoft.Hosting.Lifetime|Now listening on: http://localhost:5141
2024-05-15 09:30:23.4534|INFO|Microsoft.Hosting.Lifetime|Application started. Press Ctrl+C to shut down.
2024-05-15 09:30:23.4534|INFO|Microsoft.Hosting.Lifetime|Hosting environment: Development
2024-05-15 09:30:23.4534|INFO|Microsoft.Hosting.Lifetime|Content root path: C:\Code\WebAPI\FundooNotes\FundooNotes
2024-05-15 09:30:24.4291|INFO|Microsoft.AspNetCore.Hosting.Diagnostics|Request starting HTTP/1.1 GET http://localhost:5141/swagger/index.html - - -
2024-05-15 09:30:24.8179|INFO|Microsoft.AspNetCore.Hosting.Diagnostics|Request finished HTTP/1.1 GET http://localhost:5141/swagger/index.html - 200 - text/html;charset=utf-8 395.7245ms
2024-05-15 09:30:24.8476|INFO|Microsoft.AspNetCore.Hosting.Diagnostics|Request starting HTTP/1.1 GET http://localhost:5141/_vs/browserLink - - -
2024-05-15 09:30:24.8476|INFO|Microsoft.AspNetCore.Hosting.Diagnostics|Request starting HTTP/1.1 GET http://localhost:5141/_framework/aspnetcore-browser-refresh.js - - -
2024-05-15 09:30:24.8476|INFO|Microsoft.AspNetCore.Hosting.Diagnostics|Request finished HTTP/1.1 GET http://localhost:5141/_framework/aspnetcore-browser-refresh.js - 200 13758 application/javascript;+charset=utf-8 4.0447ms
2024-05-15 09:30:25.0026|INFO|Microsoft.AspNetCore.Hosting.Diagnostics|Request finished HTTP/1.1 GET http://localhost:5141/_vs/browserLink - 200 - text/javascript;+charset=UTF-8 155.1992ms
2024-05-15 09:30:25.1446|INFO|Microsoft.AspNetCore.Hosting.Diagnostics|Request starting HTTP/1.1 GET http://localhost:5141/swagger/v1/swagger.json - - -
2024-05-15 09:30:25.3531|INFO|Microsoft.AspNetCore.Hosting.Diagnostics|Request finished HTTP/1.1 GET http://localhost:5141/swagger/v1/swagger.json - 200 - application/json;charset=utf-8 208.3911ms
2024-05-15 09:30:46.4661|INFO|Microsoft.AspNetCore.Hosting.Diagnostics|Request starting HTTP/1.1 GET http://localhost:5141/api/get-collaborations - - -
2024-05-15 09:30:46.5478|WARN|Microsoft.AspNetCore.HttpsPolicy.HttpsRedirectionMiddleware|Failed to determine the https port for redirect.
2024-05-15 09:30:46.5540|INFO|Microsoft.AspNetCore.Routing.EndpointMiddleware|Executing endpoint 'FundooNotes.Controllers.CollaborationController.GetCollaboration (FundooNotes)'
2024-05-15 09:30:46.5683|INFO|Microsoft.AspNetCore.Mvc.Infrastructure.ControllerActionInvoker|Route matched with {action = "GetCollaboration", controller = "Collaboration"}. Executing controller action with signature System.Threading.Tasks.Task`1[Microsoft.AspNetCore.Mvc.IActionResult] GetCollaboration() on controller FundooNotes.Controllers.CollaborationController (FundooNotes).
2024-05-15 09:30:46.8448|INFO|Microsoft.AspNetCore.Mvc.Infrastructure.ObjectResultExecutor|Executing OkObjectResult, writing value of type 'ModelLayer.Response.ResponseDataModel`1[[System.Collections.Generic.IEnumerable`1[[ModelLayer.CollaborationModel.CollaborationInfoModel, ModelLayer, Version=1.0.0.0, Culture=neutral, PublicKeyToken=null]], System.Private.CoreLib, Version=8.0.0.0, Culture=neutral, PublicKeyToken=7cec85d7bea7798e]]'.
2024-05-15 09:30:46.8582|INFO|Microsoft.AspNetCore.Mvc.Infrastructure.ControllerActionInvoker|Executed action FundooNotes.Controllers.CollaborationController.GetCollaboration (FundooNotes) in 284.9805ms
2024-05-15 09:30:46.8582|INFO|Microsoft.AspNetCore.Routing.EndpointMiddleware|Executed endpoint 'FundooNotes.Controllers.CollaborationController.GetCollaboration (FundooNotes)'
2024-05-15 09:30:46.8582|INFO|Microsoft.AspNetCore.Hosting.Diagnostics|Request finished HTTP/1.1 GET http://localhost:5141/api/get-collaborations - 200 - application/json;+charset=utf-8 394.1622ms
2024-05-15 11:04:40.0350|INFO|Microsoft.AspNetCore.DataProtection.KeyManagement.XmlKeyManager|User profile is available. Using 'C:\Users\Yash\AppData\Local\ASP.NET\DataProtection-Keys' as key repository and Windows DPAPI to encrypt keys at rest.
2024-05-15 11:04:40.2445|INFO|Microsoft.Hosting.Lifetime|Now listening on: http://localhost:5141
2024-05-15 11:04:40.2445|INFO|Microsoft.Hosting.Lifetime|Application started. Press Ctrl+C to shut down.
2024-05-15 11:04:40.2445|INFO|Microsoft.Hosting.Lifetime|Hosting environment: Development
2024-05-15 11:04:40.2445|INFO|Microsoft.Hosting.Lifetime|Content root path: C:\Code\WebAPI\FundooNotes\FundooNotes
2024-05-15 11:04:40.4301|INFO|Microsoft.AspNetCore.Hosting.Diagnostics|Request starting HTTP/1.1 GET http://localhost:5141/swagger/index.html - - -
2024-05-15 11:04:40.7322|INFO|Microsoft.AspNetCore.Hosting.Diagnostics|Request finished HTTP/1.1 GET http://localhost:5141/swagger/index.html - 200 - text/html;charset=utf-8 306.1127ms
2024-05-15 11:04:40.7446|INFO|Microsoft.AspNetCore.Hosting.Diagnostics|Request starting HTTP/1.1 GET http://localhost:5141/_framework/aspnetcore-browser-refresh.js - - -
2024-05-15 11:04:40.7446|INFO|Microsoft.AspNetCore.Hosting.Diagnostics|Request finished HTTP/1.1 GET http://localhost:5141/_framework/aspnetcore-browser-refresh.js - 200 13758 application/javascript;+charset=utf-8 2.9010ms
2024-05-15 11:04:40.7446|INFO|Microsoft.AspNetCore.Hosting.Diagnostics|Request starting HTTP/1.1 GET http://localhost:5141/_vs/browserLink - - -
2024-05-15 11:04:40.7863|INFO|Microsoft.AspNetCore.Hosting.Diagnostics|Request finished HTTP/1.1 GET http://localhost:5141/_vs/browserLink - 200 - text/javascript;+charset=UTF-8 37.7293ms
2024-05-15 11:04:40.8860|INFO|Microsoft.AspNetCore.Hosting.Diagnostics|Request starting HTTP/1.1 GET http://localhost:5141/swagger/v1/swagger.json - - -
2024-05-15 11:04:40.9705|INFO|Microsoft.AspNetCore.Hosting.Diagnostics|Request finished HTTP/1.1 GET http://localhost:5141/swagger/v1/swagger.json - 200 - application/json;charset=utf-8 84.5041ms
2024-05-15 11:59:08.6840|INFO|Microsoft.AspNetCore.DataProtection.KeyManagement.XmlKeyManager|User profile is available. Using 'C:\Users\Yash\AppData\Local\ASP.NET\DataProtection-Keys' as key repository and Windows DPAPI to encrypt keys at rest.
2024-05-15 11:59:08.8923|INFO|Microsoft.Hosting.Lifetime|Now listening on: http://localhost:5141
2024-05-15 11:59:08.8923|INFO|Microsoft.Hosting.Lifetime|Application started. Press Ctrl+C to shut down.
2024-05-15 11:59:08.8923|INFO|Microsoft.Hosting.Lifetime|Hosting environment: Development
2024-05-15 11:59:08.8923|INFO|Microsoft.Hosting.Lifetime|Content root path: C:\Code\WebAPI\FundooNotes\FundooNotes
2024-05-15 11:59:09.5235|INFO|Microsoft.AspNetCore.Hosting.Diagnostics|Request starting HTTP/1.1 GET http://localhost:5141/swagger/index.html - - -
2024-05-15 11:59:09.8638|INFO|Microsoft.AspNetCore.Hosting.Diagnostics|Request finished HTTP/1.1 GET http://localhost:5141/swagger/index.html - 200 - text/html;charset=utf-8 347.7208ms
2024-05-15 11:59:09.8971|INFO|Microsoft.AspNetCore.Hosting.Diagnostics|Request starting HTTP/1.1 GET http://localhost:5141/_framework/aspnetcore-browser-refresh.js - - -
2024-05-15 11:59:09.8971|INFO|Microsoft.AspNetCore.Hosting.Diagnostics|Request starting HTTP/1.1 GET http://localhost:5141/_vs/browserLink - - -
2024-05-15 11:59:09.9007|INFO|Microsoft.AspNetCore.Hosting.Diagnostics|Request finished HTTP/1.1 GET http://localhost:5141/_framework/aspnetcore-browser-refresh.js - 200 13758 application/javascript;+charset=utf-8 4.0007ms
2024-05-15 11:59:09.9515|INFO|Microsoft.AspNetCore.Hosting.Diagnostics|Request finished HTTP/1.1 GET http://localhost:5141/_vs/browserLink - 200 - text/javascript;+charset=UTF-8 53.6487ms
2024-05-15 11:59:10.1201|INFO|Microsoft.AspNetCore.Hosting.Diagnostics|Request starting HTTP/1.1 GET http://localhost:5141/swagger/v1/swagger.json - - -
2024-05-15 11:59:10.2453|INFO|Microsoft.AspNetCore.Hosting.Diagnostics|Request finished HTTP/1.1 GET http://localhost:5141/swagger/v1/swagger.json - 200 - application/json;charset=utf-8 125.2421ms
2024-05-15 12:42:08.8895|INFO|Microsoft.AspNetCore.DataProtection.KeyManagement.XmlKeyManager|User profile is available. Using 'C:\Users\Yash\AppData\Local\ASP.NET\DataProtection-Keys' as key repository and Windows DPAPI to encrypt keys at rest.
2024-05-15 12:42:09.1572|INFO|Microsoft.Hosting.Lifetime|Now listening on: http://localhost:5141
2024-05-15 12:42:09.1612|INFO|Microsoft.Hosting.Lifetime|Application started. Press Ctrl+C to shut down.
2024-05-15 12:42:09.1612|INFO|Microsoft.Hosting.Lifetime|Hosting environment: Development
2024-05-15 12:42:09.1612|INFO|Microsoft.Hosting.Lifetime|Content root path: C:\Code\WebAPI\FundooNotes\FundooNotes
2024-05-15 12:42:09.4456|INFO|Microsoft.AspNetCore.Hosting.Diagnostics|Request starting HTTP/1.1 GET http://localhost:5141/swagger/index.html - - -
2024-05-15 12:42:09.7737|INFO|Microsoft.AspNetCore.Hosting.Diagnostics|Request finished HTTP/1.1 GET http://localhost:5141/swagger/index.html - 200 - text/html;charset=utf-8 335.0236ms
2024-05-15 12:42:09.7937|INFO|Microsoft.AspNetCore.Hosting.Diagnostics|Request starting HTTP/1.1 GET http://localhost:5141/_framework/aspnetcore-browser-refresh.js - - -
2024-05-15 12:42:09.7937|INFO|Microsoft.AspNetCore.Hosting.Diagnostics|Request starting HTTP/1.1 GET http://localhost:5141/_vs/browserLink - - -
2024-05-15 12:42:09.7937|INFO|Microsoft.AspNetCore.Hosting.Diagnostics|Request finished HTTP/1.1 GET http://localhost:5141/_framework/aspnetcore-browser-refresh.js - 200 13758 application/javascript;+charset=utf-8 3.6518ms
2024-05-15 12:42:09.8460|INFO|Microsoft.AspNetCore.Hosting.Diagnostics|Request finished HTTP/1.1 GET http://localhost:5141/_vs/browserLink - 200 - text/javascript;+charset=UTF-8 52.4146ms
2024-05-15 12:42:09.9855|INFO|Microsoft.AspNetCore.Hosting.Diagnostics|Request starting HTTP/1.1 GET http://localhost:5141/swagger/v1/swagger.json - - -
2024-05-15 12:42:10.1017|INFO|Microsoft.AspNetCore.Hosting.Diagnostics|Request finished HTTP/1.1 GET http://localhost:5141/swagger/v1/swagger.json - 200 - application/json;charset=utf-8 116.2548ms
2024-05-15 12:44:39.0387|INFO|Microsoft.AspNetCore.DataProtection.KeyManagement.XmlKeyManager|User profile is available. Using 'C:\Users\Yash\AppData\Local\ASP.NET\DataProtection-Keys' as key repository and Windows DPAPI to encrypt keys at rest.
2024-05-15 12:44:39.3308|INFO|Microsoft.Hosting.Lifetime|Now listening on: http://localhost:5141
2024-05-15 12:44:39.3308|INFO|Microsoft.Hosting.Lifetime|Application started. Press Ctrl+C to shut down.
2024-05-15 12:44:39.3308|INFO|Microsoft.Hosting.Lifetime|Hosting environment: Development
2024-05-15 12:44:39.3308|INFO|Microsoft.Hosting.Lifetime|Content root path: C:\Code\WebAPI\FundooNotes\FundooNotes
2024-05-15 12:44:39.6222|INFO|Microsoft.AspNetCore.Hosting.Diagnostics|Request starting HTTP/1.1 GET http://localhost:5141/swagger/index.html - - -
2024-05-15 12:44:39.9597|INFO|Microsoft.AspNetCore.Hosting.Diagnostics|Request finished HTTP/1.1 GET http://localhost:5141/swagger/index.html - 200 - text/html;charset=utf-8 343.6789ms
2024-05-15 12:44:39.9812|INFO|Microsoft.AspNetCore.Hosting.Diagnostics|Request starting HTTP/1.1 GET http://localhost:5141/_framework/aspnetcore-browser-refresh.js - - -
2024-05-15 12:44:39.9812|INFO|Microsoft.AspNetCore.Hosting.Diagnostics|Request starting HTTP/1.1 GET http://localhost:5141/_vs/browserLink - - -
2024-05-15 12:44:39.9812|INFO|Microsoft.AspNetCore.Hosting.Diagnostics|Request finished HTTP/1.1 GET http://localhost:5141/_framework/aspnetcore-browser-refresh.js - 200 13758 application/javascript;+charset=utf-8 3.8835ms
2024-05-15 12:44:40.0483|INFO|Microsoft.AspNetCore.Hosting.Diagnostics|Request finished HTTP/1.1 GET http://localhost:5141/_vs/browserLink - 200 - text/javascript;+charset=UTF-8 67.1554ms
2024-05-15 12:44:40.1922|INFO|Microsoft.AspNetCore.Hosting.Diagnostics|Request starting HTTP/1.1 GET http://localhost:5141/swagger/v1/swagger.json - - -
2024-05-15 12:44:40.3113|INFO|Microsoft.AspNetCore.Hosting.Diagnostics|Request finished HTTP/1.1 GET http://localhost:5141/swagger/v1/swagger.json - 200 - application/json;charset=utf-8 119.1427ms
